running develop
Removing /home/mark/ros_ws/install/controller/lib/python3.10/site-packages/controller.egg-link (link to .)
running egg_info
writing ../../build/controller/controller.egg-info/PKG-INFO
writing dependency_links to ../../build/controller/controller.egg-info/dependency_links.txt
writing entry points to ../../build/controller/controller.egg-info/entry_points.txt
writing requirements to ../../build/controller/controller.egg-info/requires.txt
writing top-level names to ../../build/controller/controller.egg-info/top_level.txt
reading manifest file '../../build/controller/controller.egg-info/SOURCES.txt'
writing manifest file '../../build/controller/controller.egg-info/SOURCES.txt'
running build
running build_py
creating /home/mark/ros_ws/build/controller/build
creating /home/mark/ros_ws/build/controller/build/lib
creating /home/mark/ros_ws/build/controller/build/lib/controller
copying controller/subscription.py -> /home/mark/ros_ws/build/controller/build/lib/controller
copying controller/node1.py -> /home/mark/ros_ws/build/controller/build/lib/controller
copying controller/__init__.py -> /home/mark/ros_ws/build/controller/build/lib/controller
copying controller/publisher.py -> /home/mark/ros_ws/build/controller/build/lib/controller
copying controller/TurtleControllerNode.py -> /home/mark/ros_ws/build/controller/build/lib/controller
running install
running install_lib
creating /home/mark/ros_ws/install/controller/lib/python3.10/site-packages/controller
copying /home/mark/ros_ws/build/controller/build/lib/controller/subscription.py -> /home/mark/ros_ws/install/controller/lib/python3.10/site-packages/controller
copying /home/mark/ros_ws/build/controller/build/lib/controller/node1.py -> /home/mark/ros_ws/install/controller/lib/python3.10/site-packages/controller
copying /home/mark/ros_ws/build/controller/build/lib/controller/__init__.py -> /home/mark/ros_ws/install/controller/lib/python3.10/site-packages/controller
copying /home/mark/ros_ws/build/controller/build/lib/controller/publisher.py -> /home/mark/ros_ws/install/controller/lib/python3.10/site-packages/controller
copying /home/mark/ros_ws/build/controller/build/lib/controller/TurtleControllerNode.py -> /home/mark/ros_ws/install/controller/lib/python3.10/site-packages/controller
byte-compiling /home/mark/ros_ws/install/controller/lib/python3.10/site-packages/controller/subscription.py to subscription.cpython-310.pyc
byte-compiling /home/mark/ros_ws/install/controller/lib/python3.10/site-packages/controller/node1.py to node1.cpython-310.pyc
byte-compiling /home/mark/ros_ws/install/controller/lib/python3.10/site-packages/controller/__init__.py to __init__.cpython-310.pyc
byte-compiling /home/mark/ros_ws/install/controller/lib/python3.10/site-packages/controller/publisher.py to publisher.cpython-310.pyc
byte-compiling /home/mark/ros_ws/install/controller/lib/python3.10/site-packages/controller/TurtleControllerNode.py to TurtleControllerNode.cpython-310.pyc
running install_data
running install_egg_info
Copying ../../build/controller/controller.egg-info to /home/mark/ros_ws/install/controller/lib/python3.10/site-packages/controller-0.0.0-py3.10.egg-info
running install_scripts
Installing publisher script to /home/mark/ros_ws/install/controller/lib/controller
Installing subscription script to /home/mark/ros_ws/install/controller/lib/controller
Installing test_node script to /home/mark/ros_ws/install/controller/lib/controller
Installing turtle_controller script to /home/mark/ros_ws/install/controller/lib/controller
writing list of installed files to '/home/mark/ros_ws/build/controller/install.log'
