[1.367s] Invoking command in '/home/mark/ros_ws/build/controller': PYTHONPATH=/home/mark/ros_ws/build/controller/prefix_override:/home/mark/ros_ws/install/controller/lib/python3.10/site-packages:${PYTHONPATH} /usr/bin/python3 setup.py develop --editable --build-directory /home/mark/ros_ws/build/controller/build --no-deps install_data
[1.807s] running develop
[2.105s] running egg_info
[2.105s] writing controller.egg-info/PKG-INFO
[2.106s] writing dependency_links to controller.egg-info/dependency_links.txt
[2.106s] writing entry points to controller.egg-info/entry_points.txt
[2.107s] writing requirements to controller.egg-info/requires.txt
[2.107s] writing top-level names to controller.egg-info/top_level.txt
[2.109s] reading manifest file 'controller.egg-info/SOURCES.txt'
[2.110s] writing manifest file 'controller.egg-info/SOURCES.txt'
[2.111s] running build_ext
[2.112s] Creating /home/mark/ros_ws/install/controller/lib/python3.10/site-packages/controller.egg-link (link to .)
[2.114s] Installing publisher script to /home/mark/ros_ws/install/controller/lib/controller
[2.114s] Installing subscription script to /home/mark/ros_ws/install/controller/lib/controller
[2.114s] Installing test_node script to /home/mark/ros_ws/install/controller/lib/controller
[2.115s] Installing turtle_controller script to /home/mark/ros_ws/install/controller/lib/controller
[2.115s] 
[2.115s] Installed /home/mark/ros_ws/build/controller
[2.115s] running install_data
[2.215s] Invoked command in '/home/mark/ros_ws/build/controller' returned '0': PYTHONPATH=/home/mark/ros_ws/build/controller/prefix_override:/home/mark/ros_ws/install/controller/lib/python3.10/site-packages:${PYTHONPATH} /usr/bin/python3 setup.py develop --editable --build-directory /home/mark/ros_ws/build/controller/build --no-deps install_data
