-- The C compiler identification is GNU 11.4.0
-- The CXX compiler identification is GNU 11.4.0
-- Detecting C compiler ABI info
-- Detecting C compiler ABI info - done
-- Check for working C compiler: /usr/bin/cc - skipped
-- Detecting C compile features
-- Detecting C compile features - done
-- Detecting CXX compiler ABI info
-- Detecting CXX compiler ABI info - done
-- Check for working CXX compiler: /usr/bin/c++ - skipped
-- Detecting CXX compile features
-- Detecting CXX compile features - done
-- Found ament_cmake: 1.3.5 (/opt/ros/humble/share/ament_cmake/cmake)
-- Found Python3: /usr/bin/python3.10 (found version "3.10.12") found components: Interpreter 
-- Override CMake install command with custom implementation using symlinks instead of copying resources
-- Found ament_lint_auto: 0.12.8 (/opt/ros/humble/share/ament_lint_auto/cmake)
-- Added test 'lint_cmake' to check CMake code style
-- Added test 'xmllint' to check XML markup files
-- Configuring done
-- Generating done
-- Build files have been written to: /home/mark/ros_ws/build/default_cpp_
-- Install configuration: ""
-- Execute custom install script
-- Symlinking: /home/mark/ros_ws/install/default_cpp_/share/ament_index/resource_index/package_run_dependencies/default_cpp_
-- Symlinking: /home/mark/ros_ws/install/default_cpp_/share/ament_index/resource_index/parent_prefix_path/default_cpp_
-- Symlinking: /home/mark/ros_ws/install/default_cpp_/share/default_cpp_/environment/ament_prefix_path.sh
-- Symlinking: /home/mark/ros_ws/install/default_cpp_/share/default_cpp_/environment/ament_prefix_path.dsv
-- Symlinking: /home/mark/ros_ws/install/default_cpp_/share/default_cpp_/environment/path.sh
-- Symlinking: /home/mark/ros_ws/install/default_cpp_/share/default_cpp_/environment/path.dsv
-- Symlinking: /home/mark/ros_ws/install/default_cpp_/share/default_cpp_/local_setup.bash
-- Symlinking: /home/mark/ros_ws/install/default_cpp_/share/default_cpp_/local_setup.sh
-- Symlinking: /home/mark/ros_ws/install/default_cpp_/share/default_cpp_/local_setup.zsh
-- Symlinking: /home/mark/ros_ws/install/default_cpp_/share/default_cpp_/local_setup.dsv
-- Symlinking: /home/mark/ros_ws/install/default_cpp_/share/default_cpp_/package.dsv
-- Symlinking: /home/mark/ros_ws/install/default_cpp_/share/ament_index/resource_index/packages/default_cpp_
-- Symlinking: /home/mark/ros_ws/install/default_cpp_/share/default_cpp_/cmake/default_cpp_Config.cmake
-- Symlinking: /home/mark/ros_ws/install/default_cpp_/share/default_cpp_/cmake/default_cpp_Config-version.cmake
-- Symlinking: /home/mark/ros_ws/install/default_cpp_/share/default_cpp_/package.xml
