[0.587s] Invoking command in '/home/mark/ros_ws/build/default_cpp_': CMAKE_PREFIX_PATH=${CMAKE_PREFIX_PATH}:/home/mark/ros2_ws/install/controller:/opt/ros/humble /usr/bin/cmake /home/mark/ros_ws/src/default_cpp_ -DAMENT_CMAKE_SYMLINK_INSTALL=1 -DCMAKE_INSTALL_PREFIX=/home/mark/ros_ws/install/default_cpp_
[0.667s] -- The C compiler identification is GNU 11.4.0
[0.751s] -- The CXX compiler identification is GNU 11.4.0
[0.763s] -- Detecting C compiler ABI info
[0.868s] -- Detecting C compiler ABI info - done
[0.886s] -- Check for working C compiler: /usr/bin/cc - skipped
[0.887s] -- Detecting C compile features
[0.888s] -- Detecting C compile features - done
[0.894s] -- Detecting CXX compiler ABI info
[1.005s] -- Detecting CXX compiler ABI info - done
[1.015s] -- Check for working CXX compiler: /usr/bin/c++ - skipped
[1.016s] -- Detecting CXX compile features
[1.017s] -- Detecting CXX compile features - done
[1.020s] -- Found ament_cmake: 1.3.5 (/opt/ros/humble/share/ament_cmake/cmake)
[1.266s] -- Found Python3: /usr/bin/python3.10 (found version "3.10.12") found components: Interpreter 
[1.359s] -- Override CMake install command with custom implementation using symlinks instead of copying resources
[1.399s] -- Found ament_lint_auto: 0.12.8 (/opt/ros/humble/share/ament_lint_auto/cmake)
[1.508s] -- Added test 'lint_cmake' to check CMake code style
[1.510s] -- Added test 'xmllint' to check XML markup files
[1.512s] -- Configuring done
[1.515s] -- Generating done
[1.517s] -- Build files have been written to: /home/mark/ros_ws/build/default_cpp_
[1.524s] Invoked command in '/home/mark/ros_ws/build/default_cpp_' returned '0': CMAKE_PREFIX_PATH=${CMAKE_PREFIX_PATH}:/home/mark/ros2_ws/install/controller:/opt/ros/humble /usr/bin/cmake /home/mark/ros_ws/src/default_cpp_ -DAMENT_CMAKE_SYMLINK_INSTALL=1 -DCMAKE_INSTALL_PREFIX=/home/mark/ros_ws/install/default_cpp_
[1.527s] Invoking command in '/home/mark/ros_ws/build/default_cpp_': CMAKE_PREFIX_PATH=${CMAKE_PREFIX_PATH}:/home/mark/ros2_ws/install/controller:/opt/ros/humble /usr/bin/cmake --build /home/mark/ros_ws/build/default_cpp_ -- -j4 -l4
[1.578s] Invoked command in '/home/mark/ros_ws/build/default_cpp_' returned '0': CMAKE_PREFIX_PATH=${CMAKE_PREFIX_PATH}:/home/mark/ros2_ws/install/controller:/opt/ros/humble /usr/bin/cmake --build /home/mark/ros_ws/build/default_cpp_ -- -j4 -l4
[1.621s] Invoking command in '/home/mark/ros_ws/build/default_cpp_': CMAKE_PREFIX_PATH=${CMAKE_PREFIX_PATH}:/home/mark/ros2_ws/install/controller:/opt/ros/humble /usr/bin/cmake --install /home/mark/ros_ws/build/default_cpp_
[1.631s] -- Install configuration: ""
[1.632s] -- Execute custom install script
[1.632s] -- Symlinking: /home/mark/ros_ws/install/default_cpp_/share/ament_index/resource_index/package_run_dependencies/default_cpp_
[1.644s] -- Symlinking: /home/mark/ros_ws/install/default_cpp_/share/ament_index/resource_index/parent_prefix_path/default_cpp_
[1.656s] -- Symlinking: /home/mark/ros_ws/install/default_cpp_/share/default_cpp_/environment/ament_prefix_path.sh
[1.668s] -- Symlinking: /home/mark/ros_ws/install/default_cpp_/share/default_cpp_/environment/ament_prefix_path.dsv
[1.681s] -- Symlinking: /home/mark/ros_ws/install/default_cpp_/share/default_cpp_/environment/path.sh
[1.692s] -- Symlinking: /home/mark/ros_ws/install/default_cpp_/share/default_cpp_/environment/path.dsv
[1.704s] -- Symlinking: /home/mark/ros_ws/install/default_cpp_/share/default_cpp_/local_setup.bash
[1.715s] -- Symlinking: /home/mark/ros_ws/install/default_cpp_/share/default_cpp_/local_setup.sh
[1.727s] -- Symlinking: /home/mark/ros_ws/install/default_cpp_/share/default_cpp_/local_setup.zsh
[1.739s] -- Symlinking: /home/mark/ros_ws/install/default_cpp_/share/default_cpp_/local_setup.dsv
[1.750s] -- Symlinking: /home/mark/ros_ws/install/default_cpp_/share/default_cpp_/package.dsv
[1.761s] -- Symlinking: /home/mark/ros_ws/install/default_cpp_/share/ament_index/resource_index/packages/default_cpp_
[1.773s] -- Symlinking: /home/mark/ros_ws/install/default_cpp_/share/default_cpp_/cmake/default_cpp_Config.cmake
[1.784s] -- Symlinking: /home/mark/ros_ws/install/default_cpp_/share/default_cpp_/cmake/default_cpp_Config-version.cmake
[1.796s] -- Symlinking: /home/mark/ros_ws/install/default_cpp_/share/default_cpp_/package.xml
[1.810s] Invoked command in '/home/mark/ros_ws/build/default_cpp_' returned '0': CMAKE_PREFIX_PATH=${CMAKE_PREFIX_PATH}:/home/mark/ros2_ws/install/controller:/opt/ros/humble /usr/bin/cmake --install /home/mark/ros_ws/build/default_cpp_
