running egg_info
writing ../../build/package01/package01.egg-info/PKG-INFO
writing dependency_links to ../../build/package01/package01.egg-info/dependency_links.txt
writing entry points to ../../build/package01/package01.egg-info/entry_points.txt
writing requirements to ../../build/package01/package01.egg-info/requires.txt
writing top-level names to ../../build/package01/package01.egg-info/top_level.txt
reading manifest file '../../build/package01/package01.egg-info/SOURCES.txt'
adding license file 'LICENSE'
writing manifest file '../../build/package01/package01.egg-info/SOURCES.txt'
running build
running build_py
running install
running install_lib
running install_data
running install_egg_info
removing '/home/mark/ros_ws/install/package01/lib/python3.10/site-packages/package01-0.0.0-py3.10.egg-info' (and everything under it)
Copying ../../build/package01/package01.egg-info to /home/mark/ros_ws/install/package01/lib/python3.10/site-packages/package01-0.0.0-py3.10.egg-info
running install_scripts
Installing slam_driver script to /home/mark/ros_ws/install/package01/lib/package01
writing list of installed files to '/home/mark/ros_ws/build/package01/install.log'
