-- Found ament_cmake: 1.3.5 (/opt/ros/humble/share/ament_cmake/cmake)
-- Override CMake install command with custom implementation using symlinks instead of copying resources
-- Found ament_lint_auto: 0.12.8 (/opt/ros/humble/share/ament_lint_auto/cmake)
-- Added test 'lint_cmake' to check CMake code style
-- Added test 'xmllint' to check XML markup files
-- Configuring done
-- Generating done
-- Build files have been written to: /home/mark/ros_ws/build/default_cpp_
-- Install configuration: ""
-- Execute custom install script
-- Up-to-date symlink: /home/mark/ros_ws/install/default_cpp_/share/ament_index/resource_index/package_run_dependencies/default_cpp_
-- Up-to-date symlink: /home/mark/ros_ws/install/default_cpp_/share/ament_index/resource_index/parent_prefix_path/default_cpp_
-- Up-to-date symlink: /home/mark/ros_ws/install/default_cpp_/share/default_cpp_/environment/ament_prefix_path.sh
-- Up-to-date symlink: /home/mark/ros_ws/install/default_cpp_/share/default_cpp_/environment/ament_prefix_path.dsv
-- Up-to-date symlink: /home/mark/ros_ws/install/default_cpp_/share/default_cpp_/environment/path.sh
-- Up-to-date symlink: /home/mark/ros_ws/install/default_cpp_/share/default_cpp_/environment/path.dsv
-- Up-to-date symlink: /home/mark/ros_ws/install/default_cpp_/share/default_cpp_/local_setup.bash
-- Up-to-date symlink: /home/mark/ros_ws/install/default_cpp_/share/default_cpp_/local_setup.sh
-- Up-to-date symlink: /home/mark/ros_ws/install/default_cpp_/share/default_cpp_/local_setup.zsh
-- Up-to-date symlink: /home/mark/ros_ws/install/default_cpp_/share/default_cpp_/local_setup.dsv
-- Symlinking: /home/mark/ros_ws/install/default_cpp_/share/default_cpp_/package.dsv
-- Up-to-date symlink: /home/mark/ros_ws/install/default_cpp_/share/ament_index/resource_index/packages/default_cpp_
-- Up-to-date symlink: /home/mark/ros_ws/install/default_cpp_/share/default_cpp_/cmake/default_cpp_Config.cmake
-- Up-to-date symlink: /home/mark/ros_ws/install/default_cpp_/share/default_cpp_/cmake/default_cpp_Config-version.cmake
-- Up-to-date symlink: /home/mark/ros_ws/install/default_cpp_/share/default_cpp_/package.xml
