[0.738s] Invoking command in '/home/mark/ros_ws/build/default_cpp_': CMAKE_PREFIX_PATH=${CMAKE_PREFIX_PATH}:/home/mark/ros_ws/install/package01:/home/mark/ros_ws/install/controller:/opt/ros/humble /usr/bin/cmake /home/mark/ros_ws/src/default_cpp_ -DAMENT_CMAKE_SYMLINK_INSTALL=1 -DCMAKE_INSTALL_PREFIX=/home/mark/ros_ws/install/default_cpp_
[0.754s] -- Found ament_cmake: 1.3.5 (/opt/ros/humble/share/ament_cmake/cmake)
[0.957s] -- Override CMake install command with custom implementation using symlinks instead of copying resources
[0.972s] -- Found ament_lint_auto: 0.12.8 (/opt/ros/humble/share/ament_lint_auto/cmake)
[1.077s] -- Added test 'lint_cmake' to check CMake code style
[1.078s] -- Added test 'xmllint' to check XML markup files
[1.080s] -- Configuring done
[1.085s] -- Generating done
[1.087s] -- Build files have been written to: /home/mark/ros_ws/build/default_cpp_
[1.309s] Invoked command in '/home/mark/ros_ws/build/default_cpp_' returned '0': CMAKE_PREFIX_PATH=${CMAKE_PREFIX_PATH}:/home/mark/ros_ws/install/package01:/home/mark/ros_ws/install/controller:/opt/ros/humble /usr/bin/cmake /home/mark/ros_ws/src/default_cpp_ -DAMENT_CMAKE_SYMLINK_INSTALL=1 -DCMAKE_INSTALL_PREFIX=/home/mark/ros_ws/install/default_cpp_
[1.312s] Invoking command in '/home/mark/ros_ws/build/default_cpp_': CMAKE_PREFIX_PATH=${CMAKE_PREFIX_PATH}:/home/mark/ros_ws/install/package01:/home/mark/ros_ws/install/controller:/opt/ros/humble /usr/bin/cmake --build /home/mark/ros_ws/build/default_cpp_ -- -j4 -l4
[1.379s] Invoked command in '/home/mark/ros_ws/build/default_cpp_' returned '0': CMAKE_PREFIX_PATH=${CMAKE_PREFIX_PATH}:/home/mark/ros_ws/install/package01:/home/mark/ros_ws/install/controller:/opt/ros/humble /usr/bin/cmake --build /home/mark/ros_ws/build/default_cpp_ -- -j4 -l4
[1.443s] Invoking command in '/home/mark/ros_ws/build/default_cpp_': CMAKE_PREFIX_PATH=${CMAKE_PREFIX_PATH}:/home/mark/ros_ws/install/package01:/home/mark/ros_ws/install/controller:/opt/ros/humble /usr/bin/cmake --install /home/mark/ros_ws/build/default_cpp_
[1.457s] -- Install configuration: ""
[1.458s] -- Execute custom install script
[1.459s] -- Up-to-date symlink: /home/mark/ros_ws/install/default_cpp_/share/ament_index/resource_index/package_run_dependencies/default_cpp_
[1.459s] -- Up-to-date symlink: /home/mark/ros_ws/install/default_cpp_/share/ament_index/resource_index/parent_prefix_path/default_cpp_
[1.459s] -- Up-to-date symlink: /home/mark/ros_ws/install/default_cpp_/share/default_cpp_/environment/ament_prefix_path.sh
[1.460s] -- Up-to-date symlink: /home/mark/ros_ws/install/default_cpp_/share/default_cpp_/environment/ament_prefix_path.dsv
[1.460s] -- Up-to-date symlink: /home/mark/ros_ws/install/default_cpp_/share/default_cpp_/environment/path.sh
[1.461s] -- Up-to-date symlink: /home/mark/ros_ws/install/default_cpp_/share/default_cpp_/environment/path.dsv
[1.461s] -- Up-to-date symlink: /home/mark/ros_ws/install/default_cpp_/share/default_cpp_/local_setup.bash
[1.461s] -- Up-to-date symlink: /home/mark/ros_ws/install/default_cpp_/share/default_cpp_/local_setup.sh
[1.462s] -- Up-to-date symlink: /home/mark/ros_ws/install/default_cpp_/share/default_cpp_/local_setup.zsh
[1.462s] -- Up-to-date symlink: /home/mark/ros_ws/install/default_cpp_/share/default_cpp_/local_setup.dsv
[1.462s] -- Symlinking: /home/mark/ros_ws/install/default_cpp_/share/default_cpp_/package.dsv
[1.481s] -- Up-to-date symlink: /home/mark/ros_ws/install/default_cpp_/share/ament_index/resource_index/packages/default_cpp_
[1.481s] -- Up-to-date symlink: /home/mark/ros_ws/install/default_cpp_/share/default_cpp_/cmake/default_cpp_Config.cmake
[1.481s] -- Up-to-date symlink: /home/mark/ros_ws/install/default_cpp_/share/default_cpp_/cmake/default_cpp_Config-version.cmake
[1.482s] -- Up-to-date symlink: /home/mark/ros_ws/install/default_cpp_/share/default_cpp_/package.xml
[1.486s] Invoked command in '/home/mark/ros_ws/build/default_cpp_' returned '0': CMAKE_PREFIX_PATH=${CMAKE_PREFIX_PATH}:/home/mark/ros_ws/install/package01:/home/mark/ros_ws/install/controller:/opt/ros/humble /usr/bin/cmake --install /home/mark/ros_ws/build/default_cpp_
