[1.628s] DEBUG:colcon:Command line arguments: ['/usr/bin/colcon', 'build']
[1.628s] DEBUG:colcon:Parsed command line arguments: Namespace(log_base=None, log_level=None, verb_name='build', build_base='build', install_base='install', merge_install=False, symlink_install=False, test_result_base=None, continue_on_error=False, executor='parallel', parallel_workers=4, event_handlers=None, ignore_user_meta=False, metas=['./colcon.meta'], base_paths=['.'], packages_ignore=None, packages_ignore_regex=None, paths=None, packages_up_to=None, packages_up_to_regex=None, packages_above=None, packages_above_and_dependencies=None, packages_above_depth=None, packages_select_by_dep=None, packages_skip_by_dep=None, packages_skip_up_to=None, packages_select_build_failed=False, packages_skip_build_finished=False, packages_select_test_failures=False, packages_skip_test_passed=False, packages_select=None, packages_skip=None, packages_select_regex=None, packages_skip_regex=None, packages_start=None, packages_end=None, allow_overriding=[], cmake_args=None, cmake_target=None, cmake_target_skip_unavailable=False, cmake_clean_cache=False, cmake_clean_first=False, cmake_force_configure=False, ament_cmake_args=None, catkin_cmake_args=None, catkin_skip_building_tests=False, verb_parser=<colcon_defaults.argument_parser.defaults.DefaultArgumentsDecorator object at 0x7f97817cda80>, verb_extension=<colcon_core.verb.build.BuildVerb object at 0x7f97817ce710>, main=<bound method BuildVerb.main of <colcon_core.verb.build.BuildVerb object at 0x7f97817ce710>>)
[1.697s] Level 1:colcon.colcon_core.package_discovery:discover_packages(colcon_meta) check parameters
[1.697s] Level 1:colcon.colcon_core.package_discovery:discover_packages(recursive) check parameters
[1.697s] Level 1:colcon.colcon_core.package_discovery:discover_packages(ignore) check parameters
[1.697s] Level 1:colcon.colcon_core.package_discovery:discover_packages(path) check parameters
[1.698s] Level 1:colcon.colcon_core.package_discovery:discover_packages(colcon_meta) discover
[1.698s] Level 1:colcon.colcon_core.package_discovery:discover_packages(recursive) discover
[1.698s] INFO:colcon.colcon_core.package_discovery:Crawling recursively for packages in '/home/mark/ros_ws'
[1.698s] Level 1:colcon.colcon_core.package_identification:_identify(.) by extensions ['ignore', 'ignore_ament_install']
[1.698s] Level 1:colcon.colcon_core.package_identification:_identify(.) by extension 'ignore'
[1.698s] Level 1:colcon.colcon_core.package_identification:_identify(.) by extension 'ignore_ament_install'
[1.698s] Level 1:colcon.colcon_core.package_identification:_identify(.) by extensions ['colcon_pkg']
[1.698s] Level 1:colcon.colcon_core.package_identification:_identify(.) by extension 'colcon_pkg'
[1.698s] Level 1:colcon.colcon_core.package_identification:_identify(.) by extensions ['colcon_meta']
[1.698s] Level 1:colcon.colcon_core.package_identification:_identify(.) by extension 'colcon_meta'
[1.698s] Level 1:colcon.colcon_core.package_identification:_identify(.) by extensions ['ros']
[1.698s] Level 1:colcon.colcon_core.package_identification:_identify(.) by extension 'ros'
[1.712s] Level 1:colcon.colcon_core.package_identification:_identify(.) by extensions ['cmake', 'python']
[1.712s] Level 1:colcon.colcon_core.package_identification:_identify(.) by extension 'cmake'
[1.713s] Level 1:colcon.colcon_core.package_identification:_identify(.) by extension 'python'
[1.713s] Level 1:colcon.colcon_core.package_identification:_identify(.) by extensions ['python_setup_py']
[1.713s] Level 1:colcon.colcon_core.package_identification:_identify(.) by extension 'python_setup_py'
[1.713s] Level 1:colcon.colcon_core.package_identification:_identify(build) by extensions ['ignore', 'ignore_ament_install']
[1.713s] Level 1:colcon.colcon_core.package_identification:_identify(build) by extension 'ignore'
[1.713s] Level 1:colcon.colcon_core.package_identification:_identify(build) ignored
[1.713s] Level 1:colcon.colcon_core.package_identification:_identify(install) by extensions ['ignore', 'ignore_ament_install']
[1.713s] Level 1:colcon.colcon_core.package_identification:_identify(install) by extension 'ignore'
[1.713s] Level 1:colcon.colcon_core.package_identification:_identify(install) ignored
[1.713s] Level 1:colcon.colcon_core.package_identification:_identify(log) by extensions ['ignore', 'ignore_ament_install']
[1.713s] Level 1:colcon.colcon_core.package_identification:_identify(log) by extension 'ignore'
[1.714s] Level 1:colcon.colcon_core.package_identification:_identify(log) ignored
[1.714s] Level 1:colcon.colcon_core.package_identification:_identify(scripts) by extensions ['ignore', 'ignore_ament_install']
[1.714s] Level 1:colcon.colcon_core.package_identification:_identify(scripts) by extension 'ignore'
[1.714s] Level 1:colcon.colcon_core.package_identification:_identify(scripts) by extension 'ignore_ament_install'
[1.714s] Level 1:colcon.colcon_core.package_identification:_identify(scripts) by extensions ['colcon_pkg']
[1.714s] Level 1:colcon.colcon_core.package_identification:_identify(scripts) by extension 'colcon_pkg'
[1.714s] Level 1:colcon.colcon_core.package_identification:_identify(scripts) by extensions ['colcon_meta']
[1.714s] Level 1:colcon.colcon_core.package_identification:_identify(scripts) by extension 'colcon_meta'
[1.714s] Level 1:colcon.colcon_core.package_identification:_identify(scripts) by extensions ['ros']
[1.714s] Level 1:colcon.colcon_core.package_identification:_identify(scripts) by extension 'ros'
[1.714s] Level 1:colcon.colcon_core.package_identification:_identify(scripts) by extensions ['cmake', 'python']
[1.714s] Level 1:colcon.colcon_core.package_identification:_identify(scripts) by extension 'cmake'
[1.714s] Level 1:colcon.colcon_core.package_identification:_identify(scripts) by extension 'python'
[1.714s] Level 1:colcon.colcon_core.package_identification:_identify(scripts) by extensions ['python_setup_py']
[1.714s] Level 1:colcon.colcon_core.package_identification:_identify(scripts) by extension 'python_setup_py'
[1.714s] Level 1:colcon.colcon_core.package_identification:_identify(src) by extensions ['ignore', 'ignore_ament_install']
[1.715s] Level 1:colcon.colcon_core.package_identification:_identify(src) by extension 'ignore'
[1.715s] Level 1:colcon.colcon_core.package_identification:_identify(src) by extension 'ignore_ament_install'
[1.715s] Level 1:colcon.colcon_core.package_identification:_identify(src) by extensions ['colcon_pkg']
[1.715s] Level 1:colcon.colcon_core.package_identification:_identify(src) by extension 'colcon_pkg'
[1.715s] Level 1:colcon.colcon_core.package_identification:_identify(src) by extensions ['colcon_meta']
[1.715s] Level 1:colcon.colcon_core.package_identification:_identify(src) by extension 'colcon_meta'
[1.715s] Level 1:colcon.colcon_core.package_identification:_identify(src) by extensions ['ros']
[1.715s] Level 1:colcon.colcon_core.package_identification:_identify(src) by extension 'ros'
[1.715s] Level 1:colcon.colcon_core.package_identification:_identify(src) by extensions ['cmake', 'python']
[1.715s] Level 1:colcon.colcon_core.package_identification:_identify(src) by extension 'cmake'
[1.715s] Level 1:colcon.colcon_core.package_identification:_identify(src) by extension 'python'
[1.715s] Level 1:colcon.colcon_core.package_identification:_identify(src) by extensions ['python_setup_py']
[1.715s] Level 1:colcon.colcon_core.package_identification:_identify(src) by extension 'python_setup_py'
[1.715s] Level 1:colcon.colcon_core.package_identification:_identify(src/controller) by extensions ['ignore', 'ignore_ament_install']
[1.715s] Level 1:colcon.colcon_core.package_identification:_identify(src/controller) by extension 'ignore'
[1.715s] Level 1:colcon.colcon_core.package_identification:_identify(src/controller) by extension 'ignore_ament_install'
[1.716s] Level 1:colcon.colcon_core.package_identification:_identify(src/controller) by extensions ['colcon_pkg']
[1.716s] Level 1:colcon.colcon_core.package_identification:_identify(src/controller) by extension 'colcon_pkg'
[1.716s] Level 1:colcon.colcon_core.package_identification:_identify(src/controller) by extensions ['colcon_meta']
[1.716s] Level 1:colcon.colcon_core.package_identification:_identify(src/controller) by extension 'colcon_meta'
[1.716s] Level 1:colcon.colcon_core.package_identification:_identify(src/controller) by extensions ['ros']
[1.716s] Level 1:colcon.colcon_core.package_identification:_identify(src/controller) by extension 'ros'
[1.719s] DEBUG:colcon.colcon_core.package_identification:Package 'src/controller' with type 'ros.ament_python' and name 'controller'
[1.719s] Level 1:colcon.colcon_core.package_identification:_identify(src/default_cpp_) by extensions ['ignore', 'ignore_ament_install']
[1.719s] Level 1:colcon.colcon_core.package_identification:_identify(src/default_cpp_) by extension 'ignore'
[1.719s] Level 1:colcon.colcon_core.package_identification:_identify(src/default_cpp_) by extension 'ignore_ament_install'
[1.719s] Level 1:colcon.colcon_core.package_identification:_identify(src/default_cpp_) by extensions ['colcon_pkg']
[1.719s] Level 1:colcon.colcon_core.package_identification:_identify(src/default_cpp_) by extension 'colcon_pkg'
[1.719s] Level 1:colcon.colcon_core.package_identification:_identify(src/default_cpp_) by extensions ['colcon_meta']
[1.720s] Level 1:colcon.colcon_core.package_identification:_identify(src/default_cpp_) by extension 'colcon_meta'
[1.720s] Level 1:colcon.colcon_core.package_identification:_identify(src/default_cpp_) by extensions ['ros']
[1.720s] Level 1:colcon.colcon_core.package_identification:_identify(src/default_cpp_) by extension 'ros'
[1.720s] DEBUG:colcon.colcon_core.package_identification:Package 'src/default_cpp_' with type 'ros.ament_cmake' and name 'default_cpp_'
[1.720s] Level 1:colcon.colcon_core.package_identification:_identify(src/package01) by extensions ['ignore', 'ignore_ament_install']
[1.720s] Level 1:colcon.colcon_core.package_identification:_identify(src/package01) by extension 'ignore'
[1.720s] Level 1:colcon.colcon_core.package_identification:_identify(src/package01) by extension 'ignore_ament_install'
[1.720s] Level 1:colcon.colcon_core.package_identification:_identify(src/package01) by extensions ['colcon_pkg']
[1.721s] Level 1:colcon.colcon_core.package_identification:_identify(src/package01) by extension 'colcon_pkg'
[1.721s] Level 1:colcon.colcon_core.package_identification:_identify(src/package01) by extensions ['colcon_meta']
[1.721s] Level 1:colcon.colcon_core.package_identification:_identify(src/package01) by extension 'colcon_meta'
[1.721s] Level 1:colcon.colcon_core.package_identification:_identify(src/package01) by extensions ['ros']
[1.721s] Level 1:colcon.colcon_core.package_identification:_identify(src/package01) by extension 'ros'
[1.721s] DEBUG:colcon.colcon_core.package_identification:Package 'src/package01' with type 'ros.ament_python' and name 'package01'
[1.722s] Level 1:colcon.colcon_core.package_discovery:discover_packages(recursive) using defaults
[1.722s] Level 1:colcon.colcon_core.package_discovery:discover_packages(ignore) discover
[1.722s] Level 1:colcon.colcon_core.package_discovery:discover_packages(ignore) using defaults
[1.722s] Level 1:colcon.colcon_core.package_discovery:discover_packages(path) discover
[1.722s] Level 1:colcon.colcon_core.package_discovery:discover_packages(path) using defaults
[1.882s] Level 1:colcon.colcon_core.package_discovery:discover_packages(prefix_path) check parameters
[1.882s] Level 1:colcon.colcon_core.package_discovery:discover_packages(prefix_path) discover
[1.907s] WARNING:colcon.colcon_core.prefix_path.colcon:The path '/home/mark/ros2_ws/install' in the environment variable COLCON_PREFIX_PATH doesn't exist
[1.907s] WARNING:colcon.colcon_ros.prefix_path.ament:The path '/home/mark/ros2_ws/install/controller_cpp' in the environment variable AMENT_PREFIX_PATH doesn't exist
[1.907s] WARNING:colcon.colcon_ros.prefix_path.ament:The path '/home/mark/ros2_ws/install/controller' in the environment variable AMENT_PREFIX_PATH doesn't exist
[1.908s] WARNING:colcon.colcon_ros.prefix_path.catkin:The path '/home/mark/ros2_ws/install/controller_cpp' in the environment variable CMAKE_PREFIX_PATH doesn't exist
[1.935s] DEBUG:colcon.colcon_installed_package_information.package_discovery:Found 302 installed packages in /opt/ros/humble
[1.937s] Level 1:colcon.colcon_core.package_discovery:discover_packages(prefix_path) using defaults
[2.077s] Level 5:colcon.colcon_core.verb:set package 'controller' build argument 'cmake_args' from command line to 'None'
[2.077s] Level 5:colcon.colcon_core.verb:set package 'controller' build argument 'cmake_target' from command line to 'None'
[2.077s] Level 5:colcon.colcon_core.verb:set package 'controller' build argument 'cmake_target_skip_unavailable' from command line to 'False'
[2.077s] Level 5:colcon.colcon_core.verb:set package 'controller' build argument 'cmake_clean_cache' from command line to 'False'
[2.077s] Level 5:colcon.colcon_core.verb:set package 'controller' build argument 'cmake_clean_first' from command line to 'False'
[2.077s] Level 5:colcon.colcon_core.verb:set package 'controller' build argument 'cmake_force_configure' from command line to 'False'
[2.077s] Level 5:colcon.colcon_core.verb:set package 'controller' build argument 'ament_cmake_args' from command line to 'None'
[2.077s] Level 5:colcon.colcon_core.verb:set package 'controller' build argument 'catkin_cmake_args' from command line to 'None'
[2.077s] Level 5:colcon.colcon_core.verb:set package 'controller' build argument 'catkin_skip_building_tests' from command line to 'False'
[2.077s] DEBUG:colcon.colcon_core.verb:Building package 'controller' with the following arguments: {'ament_cmake_args': None, 'build_base': '/home/mark/ros_ws/build/controller', 'catkin_cmake_args': None, 'catkin_skip_building_tests': False, 'cmake_args': None, 'cmake_clean_cache': False, 'cmake_clean_first': False, 'cmake_force_configure': False, 'cmake_target': None, 'cmake_target_skip_unavailable': False, 'install_base': '/home/mark/ros_ws/install/controller', 'merge_install': False, 'path': '/home/mark/ros_ws/src/controller', 'symlink_install': False, 'test_result_base': None}
[2.101s] Level 5:colcon.colcon_core.verb:set package 'default_cpp_' build argument 'cmake_args' from command line to 'None'
[2.101s] Level 5:colcon.colcon_core.verb:set package 'default_cpp_' build argument 'cmake_target' from command line to 'None'
[2.101s] Level 5:colcon.colcon_core.verb:set package 'default_cpp_' build argument 'cmake_target_skip_unavailable' from command line to 'False'
[2.101s] Level 5:colcon.colcon_core.verb:set package 'default_cpp_' build argument 'cmake_clean_cache' from command line to 'False'
[2.101s] Level 5:colcon.colcon_core.verb:set package 'default_cpp_' build argument 'cmake_clean_first' from command line to 'False'
[2.101s] Level 5:colcon.colcon_core.verb:set package 'default_cpp_' build argument 'cmake_force_configure' from command line to 'False'
[2.101s] Level 5:colcon.colcon_core.verb:set package 'default_cpp_' build argument 'ament_cmake_args' from command line to 'None'
[2.101s] Level 5:colcon.colcon_core.verb:set package 'default_cpp_' build argument 'catkin_cmake_args' from command line to 'None'
[2.101s] Level 5:colcon.colcon_core.verb:set package 'default_cpp_' build argument 'catkin_skip_building_tests' from command line to 'False'
[2.101s] DEBUG:colcon.colcon_core.verb:Building package 'default_cpp_' with the following arguments: {'ament_cmake_args': None, 'build_base': '/home/mark/ros_ws/build/default_cpp_', 'catkin_cmake_args': None, 'catkin_skip_building_tests': False, 'cmake_args': None, 'cmake_clean_cache': False, 'cmake_clean_first': False, 'cmake_force_configure': False, 'cmake_target': None, 'cmake_target_skip_unavailable': False, 'install_base': '/home/mark/ros_ws/install/default_cpp_', 'merge_install': False, 'path': '/home/mark/ros_ws/src/default_cpp_', 'symlink_install': False, 'test_result_base': None}
[2.125s] Level 5:colcon.colcon_core.verb:set package 'package01' build argument 'cmake_args' from command line to 'None'
[2.125s] Level 5:colcon.colcon_core.verb:set package 'package01' build argument 'cmake_target' from command line to 'None'
[2.125s] Level 5:colcon.colcon_core.verb:set package 'package01' build argument 'cmake_target_skip_unavailable' from command line to 'False'
[2.125s] Level 5:colcon.colcon_core.verb:set package 'package01' build argument 'cmake_clean_cache' from command line to 'False'
[2.125s] Level 5:colcon.colcon_core.verb:set package 'package01' build argument 'cmake_clean_first' from command line to 'False'
[2.125s] Level 5:colcon.colcon_core.verb:set package 'package01' build argument 'cmake_force_configure' from command line to 'False'
[2.125s] Level 5:colcon.colcon_core.verb:set package 'package01' build argument 'ament_cmake_args' from command line to 'None'
[2.125s] Level 5:colcon.colcon_core.verb:set package 'package01' build argument 'catkin_cmake_args' from command line to 'None'
[2.125s] Level 5:colcon.colcon_core.verb:set package 'package01' build argument 'catkin_skip_building_tests' from command line to 'False'
[2.125s] DEBUG:colcon.colcon_core.verb:Building package 'package01' with the following arguments: {'ament_cmake_args': None, 'build_base': '/home/mark/ros_ws/build/package01', 'catkin_cmake_args': None, 'catkin_skip_building_tests': False, 'cmake_args': None, 'cmake_clean_cache': False, 'cmake_clean_first': False, 'cmake_force_configure': False, 'cmake_target': None, 'cmake_target_skip_unavailable': False, 'install_base': '/home/mark/ros_ws/install/package01', 'merge_install': False, 'path': '/home/mark/ros_ws/src/package01', 'symlink_install': False, 'test_result_base': None}
[2.149s] INFO:colcon.colcon_core.executor:Executing jobs using 'parallel' executor
[2.173s] DEBUG:colcon.colcon_parallel_executor.executor.parallel:run_until_complete
[2.174s] INFO:colcon.colcon_ros.task.ament_python.build:Building ROS package in '/home/mark/ros_ws/src/controller' with build type 'ament_python'
[2.174s] Level 1:colcon.colcon_core.shell:create_environment_hook('controller', 'ament_prefix_path')
[2.201s] INFO:colcon.colcon_core.plugin_system:Skipping extension 'colcon_core.shell.bat': Not used on non-Windows systems
[2.202s] INFO:colcon.colcon_core.shell:Creating environment hook '/home/mark/ros_ws/install/controller/share/controller/hook/ament_prefix_path.ps1'
[2.203s] INFO:colcon.colcon_core.shell:Creating environment descriptor '/home/mark/ros_ws/install/controller/share/controller/hook/ament_prefix_path.dsv'
[2.204s] INFO:colcon.colcon_core.shell:Creating environment hook '/home/mark/ros_ws/install/controller/share/controller/hook/ament_prefix_path.sh'
[2.229s] INFO:colcon.colcon_core.shell:Skip shell extension 'powershell' for command environment: Not usable outside of PowerShell
[2.229s] DEBUG:colcon.colcon_core.shell:Skip shell extension 'dsv' for command environment
[2.280s] INFO:colcon.colcon_ros.task.ament_cmake.build:Building ROS package in '/home/mark/ros_ws/src/default_cpp_' with build type 'ament_cmake'
[2.280s] INFO:colcon.colcon_cmake.task.cmake.build:Building CMake package in '/home/mark/ros_ws/src/default_cpp_'
[2.308s] INFO:colcon.colcon_core.shell:Skip shell extension 'powershell' for command environment: Not usable outside of PowerShell
[2.308s] DEBUG:colcon.colcon_core.shell:Skip shell extension 'dsv' for command environment
[2.360s] INFO:colcon.colcon_ros.task.ament_python.build:Building ROS package in '/home/mark/ros_ws/src/package01' with build type 'ament_python'
[2.361s] Level 1:colcon.colcon_core.shell:create_environment_hook('package01', 'ament_prefix_path')
[2.388s] INFO:colcon.colcon_core.shell:Creating environment hook '/home/mark/ros_ws/install/package01/share/package01/hook/ament_prefix_path.ps1'
[2.389s] INFO:colcon.colcon_core.shell:Creating environment descriptor '/home/mark/ros_ws/install/package01/share/package01/hook/ament_prefix_path.dsv'
[2.389s] INFO:colcon.colcon_core.shell:Creating environment hook '/home/mark/ros_ws/install/package01/share/package01/hook/ament_prefix_path.sh'
[2.414s] INFO:colcon.colcon_core.shell:Skip shell extension 'powershell' for command environment: Not usable outside of PowerShell
[2.414s] DEBUG:colcon.colcon_core.shell:Skip shell extension 'dsv' for command environment
[2.853s] INFO:colcon.colcon_core.task.python.build:Building Python package in '/home/mark/ros_ws/src/controller'
[2.878s] INFO:colcon.colcon_core.shell:Skip shell extension 'powershell' for command environment: Not usable outside of PowerShell
[2.878s] DEBUG:colcon.colcon_core.shell:Skip shell extension 'dsv' for command environment
[2.935s] DEBUG:colcon.colcon_core.event_handler.log_command:Invoking command in '/home/mark/ros_ws/build/default_cpp_': CMAKE_PREFIX_PATH=${CMAKE_PREFIX_PATH}:/home/mark/ros2_ws/install/controller:/opt/ros/humble /usr/bin/cmake /home/mark/ros_ws/src/default_cpp_ -DCMAKE_INSTALL_PREFIX=/home/mark/ros_ws/install/default_cpp_
[3.392s] INFO:colcon.colcon_core.task.python.build:Building Python package in '/home/mark/ros_ws/src/package01'
[3.418s] INFO:colcon.colcon_core.shell:Skip shell extension 'powershell' for command environment: Not usable outside of PowerShell
[3.418s] DEBUG:colcon.colcon_core.shell:Skip shell extension 'dsv' for command environment
[3.472s] DEBUG:colcon.colcon_core.event_handler.log_command:Invoked command in '/home/mark/ros_ws/build/default_cpp_' returned '0': CMAKE_PREFIX_PATH=${CMAKE_PREFIX_PATH}:/home/mark/ros2_ws/install/controller:/opt/ros/humble /usr/bin/cmake /home/mark/ros_ws/src/default_cpp_ -DCMAKE_INSTALL_PREFIX=/home/mark/ros_ws/install/default_cpp_
[3.475s] DEBUG:colcon.colcon_core.event_handler.log_command:Invoking command in '/home/mark/ros_ws/build/default_cpp_': CMAKE_PREFIX_PATH=${CMAKE_PREFIX_PATH}:/home/mark/ros2_ws/install/controller:/opt/ros/humble /usr/bin/cmake --build /home/mark/ros_ws/build/default_cpp_ -- -j4 -l4
[3.549s] DEBUG:colcon.colcon_core.event_handler.log_command:Invoked command in '/home/mark/ros_ws/build/default_cpp_' returned '0': CMAKE_PREFIX_PATH=${CMAKE_PREFIX_PATH}:/home/mark/ros2_ws/install/controller:/opt/ros/humble /usr/bin/cmake --build /home/mark/ros_ws/build/default_cpp_ -- -j4 -l4
[3.611s] DEBUG:colcon.colcon_core.event_handler.log_command:Invoking command in '/home/mark/ros_ws/build/default_cpp_': CMAKE_PREFIX_PATH=${CMAKE_PREFIX_PATH}:/home/mark/ros2_ws/install/controller:/opt/ros/humble /usr/bin/cmake --install /home/mark/ros_ws/build/default_cpp_
[3.653s] Level 1:colcon.colcon_core.environment:create_environment_scripts_only(default_cpp_)
[3.655s] DEBUG:colcon.colcon_core.event_handler.log_command:Invoked command in '/home/mark/ros_ws/build/default_cpp_' returned '0': CMAKE_PREFIX_PATH=${CMAKE_PREFIX_PATH}:/home/mark/ros2_ws/install/controller:/opt/ros/humble /usr/bin/cmake --install /home/mark/ros_ws/build/default_cpp_
[3.709s] Level 1:colcon.colcon_core.environment:checking '/home/mark/ros_ws/install/default_cpp_' for CMake module files
[3.710s] Level 1:colcon.colcon_core.environment:checking '/home/mark/ros_ws/install/default_cpp_' for CMake config files
[3.711s] Level 1:colcon.colcon_core.shell:create_environment_hook('default_cpp_', 'cmake_prefix_path')
[3.761s] INFO:colcon.colcon_core.shell:Creating environment hook '/home/mark/ros_ws/install/default_cpp_/share/default_cpp_/hook/cmake_prefix_path.ps1'
[3.762s] INFO:colcon.colcon_core.shell:Creating environment descriptor '/home/mark/ros_ws/install/default_cpp_/share/default_cpp_/hook/cmake_prefix_path.dsv'
[3.763s] INFO:colcon.colcon_core.shell:Creating environment hook '/home/mark/ros_ws/install/default_cpp_/share/default_cpp_/hook/cmake_prefix_path.sh'
[3.764s] Level 1:colcon.colcon_core.environment:checking '/home/mark/ros_ws/install/default_cpp_/bin'
[3.764s] Level 1:colcon.colcon_core.environment:checking '/home/mark/ros_ws/install/default_cpp_/lib/pkgconfig/default_cpp_.pc'
[3.765s] Level 1:colcon.colcon_core.environment:checking '/home/mark/ros_ws/install/default_cpp_/lib/python3.10/site-packages'
[3.765s] Level 1:colcon.colcon_core.environment:checking '/home/mark/ros_ws/install/default_cpp_/bin'
[3.822s] INFO:colcon.colcon_core.shell:Creating package script '/home/mark/ros_ws/install/default_cpp_/share/default_cpp_/package.ps1'
[3.824s] INFO:colcon.colcon_core.shell:Creating package descriptor '/home/mark/ros_ws/install/default_cpp_/share/default_cpp_/package.dsv'
[3.825s] INFO:colcon.colcon_core.shell:Creating package script '/home/mark/ros_ws/install/default_cpp_/share/default_cpp_/package.sh'
[3.827s] INFO:colcon.colcon_core.shell:Creating package script '/home/mark/ros_ws/install/default_cpp_/share/default_cpp_/package.bash'
[3.828s] INFO:colcon.colcon_core.shell:Creating package script '/home/mark/ros_ws/install/default_cpp_/share/default_cpp_/package.zsh'
[3.830s] Level 1:colcon.colcon_core.environment:create_file_with_runtime_dependencies(/home/mark/ros_ws/install/default_cpp_/share/colcon-core/packages/default_cpp_)
[3.920s] Level 1:colcon.colcon_core.environment:create_environment_scripts_only(default_cpp_)
[3.972s] Level 1:colcon.colcon_core.environment:checking '/home/mark/ros_ws/install/default_cpp_' for CMake module files
[3.973s] Level 1:colcon.colcon_core.environment:checking '/home/mark/ros_ws/install/default_cpp_' for CMake config files
[3.974s] Level 1:colcon.colcon_core.shell:create_environment_hook('default_cpp_', 'cmake_prefix_path')
[4.027s] INFO:colcon.colcon_core.shell:Creating environment hook '/home/mark/ros_ws/install/default_cpp_/share/default_cpp_/hook/cmake_prefix_path.ps1'
[4.028s] INFO:colcon.colcon_core.shell:Creating environment descriptor '/home/mark/ros_ws/install/default_cpp_/share/default_cpp_/hook/cmake_prefix_path.dsv'
[4.028s] INFO:colcon.colcon_core.shell:Creating environment hook '/home/mark/ros_ws/install/default_cpp_/share/default_cpp_/hook/cmake_prefix_path.sh'
[4.029s] Level 1:colcon.colcon_core.environment:checking '/home/mark/ros_ws/install/default_cpp_/bin'
[4.029s] Level 1:colcon.colcon_core.environment:checking '/home/mark/ros_ws/install/default_cpp_/lib/pkgconfig/default_cpp_.pc'
[4.030s] Level 1:colcon.colcon_core.environment:checking '/home/mark/ros_ws/install/default_cpp_/lib/python3.10/site-packages'
[4.030s] Level 1:colcon.colcon_core.environment:checking '/home/mark/ros_ws/install/default_cpp_/bin'
[4.080s] INFO:colcon.colcon_core.shell:Creating package script '/home/mark/ros_ws/install/default_cpp_/share/default_cpp_/package.ps1'
[4.081s] INFO:colcon.colcon_core.shell:Creating package descriptor '/home/mark/ros_ws/install/default_cpp_/share/default_cpp_/package.dsv'
[4.082s] INFO:colcon.colcon_core.shell:Creating package script '/home/mark/ros_ws/install/default_cpp_/share/default_cpp_/package.sh'
[4.083s] INFO:colcon.colcon_core.shell:Creating package script '/home/mark/ros_ws/install/default_cpp_/share/default_cpp_/package.bash'
[4.084s] INFO:colcon.colcon_core.shell:Creating package script '/home/mark/ros_ws/install/default_cpp_/share/default_cpp_/package.zsh'
[4.085s] Level 1:colcon.colcon_core.environment:create_file_with_runtime_dependencies(/home/mark/ros_ws/install/default_cpp_/share/colcon-core/packages/default_cpp_)
[4.174s] DEBUG:colcon.colcon_core.event_handler.log_command:Invoking command in '/home/mark/ros_ws/src/package01': PYTHONPATH=/home/mark/ros_ws/build/package01/prefix_override:/home/mark/ros_ws/install/package01/lib/python3.10/site-packages:${PYTHONPATH} /usr/bin/python3 setup.py egg_info --egg-base ../../build/package01 build --build-base /home/mark/ros_ws/build/package01/build install --record /home/mark/ros_ws/build/package01/install.log --single-version-externally-managed
[4.258s] DEBUG:colcon.colcon_core.event_handler.log_command:Invoking command in '/home/mark/ros_ws/build/controller': PYTHONPATH=/home/mark/ros_ws/build/controller/prefix_override:/home/mark/ros_ws/install/controller/lib/python3.10/site-packages:${PYTHONPATH} /usr/bin/python3 setup.py develop --uninstall --editable --build-directory /home/mark/ros_ws/build/controller/build
[4.680s] DEBUG:colcon.colcon_core.event_handler.log_command:Invoked command in '/home/mark/ros_ws/src/package01' returned '0': PYTHONPATH=/home/mark/ros_ws/build/package01/prefix_override:/home/mark/ros_ws/install/package01/lib/python3.10/site-packages:${PYTHONPATH} /usr/bin/python3 setup.py egg_info --egg-base ../../build/package01 build --build-base /home/mark/ros_ws/build/package01/build install --record /home/mark/ros_ws/build/package01/install.log --single-version-externally-managed
[4.718s] Level 1:colcon.colcon_core.environment:checking '/home/mark/ros_ws/install/package01' for CMake module files
[4.719s] Level 1:colcon.colcon_core.environment:checking '/home/mark/ros_ws/install/package01' for CMake config files
[4.720s] Level 1:colcon.colcon_core.environment:checking '/home/mark/ros_ws/install/package01/lib'
[4.720s] Level 1:colcon.colcon_core.environment:checking '/home/mark/ros_ws/install/package01/bin'
[4.720s] Level 1:colcon.colcon_core.environment:checking '/home/mark/ros_ws/install/package01/lib/pkgconfig/package01.pc'
[4.721s] Level 1:colcon.colcon_core.environment:checking '/home/mark/ros_ws/install/package01/lib/python3.10/site-packages'
[4.721s] Level 1:colcon.colcon_core.shell:create_environment_hook('package01', 'pythonpath')
[4.767s] INFO:colcon.colcon_core.shell:Creating environment hook '/home/mark/ros_ws/install/package01/share/package01/hook/pythonpath.ps1'
[4.768s] INFO:colcon.colcon_core.shell:Creating environment descriptor '/home/mark/ros_ws/install/package01/share/package01/hook/pythonpath.dsv'
[4.769s] INFO:colcon.colcon_core.shell:Creating environment hook '/home/mark/ros_ws/install/package01/share/package01/hook/pythonpath.sh'
[4.770s] Level 1:colcon.colcon_core.environment:checking '/home/mark/ros_ws/install/package01/bin'
[4.770s] Level 1:colcon.colcon_core.environment:create_environment_scripts_only(package01)
[4.816s] INFO:colcon.colcon_core.shell:Creating package script '/home/mark/ros_ws/install/package01/share/package01/package.ps1'
[4.817s] INFO:colcon.colcon_core.shell:Creating package descriptor '/home/mark/ros_ws/install/package01/share/package01/package.dsv'
[4.818s] INFO:colcon.colcon_core.shell:Creating package script '/home/mark/ros_ws/install/package01/share/package01/package.sh'
[4.818s] INFO:colcon.colcon_core.shell:Creating package script '/home/mark/ros_ws/install/package01/share/package01/package.bash'
[4.819s] INFO:colcon.colcon_core.shell:Creating package script '/home/mark/ros_ws/install/package01/share/package01/package.zsh'
[4.820s] Level 1:colcon.colcon_core.environment:create_file_with_runtime_dependencies(/home/mark/ros_ws/install/package01/share/colcon-core/packages/package01)
[5.068s] DEBUG:colcon.colcon_core.event_handler.log_command:Invoked command in '/home/mark/ros_ws/build/controller' returned '0': PYTHONPATH=/home/mark/ros_ws/build/controller/prefix_override:/home/mark/ros_ws/install/controller/lib/python3.10/site-packages:${PYTHONPATH} /usr/bin/python3 setup.py develop --uninstall --editable --build-directory /home/mark/ros_ws/build/controller/build
[5.070s] DEBUG:colcon.colcon_core.event_handler.log_command:Invoking command in '/home/mark/ros_ws/src/controller': PYTHONPATH=/home/mark/ros_ws/build/controller/prefix_override:/home/mark/ros_ws/install/controller/lib/python3.10/site-packages:${PYTHONPATH} /usr/bin/python3 setup.py egg_info --egg-base ../../build/controller build --build-base /home/mark/ros_ws/build/controller/build install --record /home/mark/ros_ws/build/controller/install.log --single-version-externally-managed
[5.514s] DEBUG:colcon.colcon_core.event_handler.log_command:Invoked command in '/home/mark/ros_ws/src/controller' returned '0': PYTHONPATH=/home/mark/ros_ws/build/controller/prefix_override:/home/mark/ros_ws/install/controller/lib/python3.10/site-packages:${PYTHONPATH} /usr/bin/python3 setup.py egg_info --egg-base ../../build/controller build --build-base /home/mark/ros_ws/build/controller/build install --record /home/mark/ros_ws/build/controller/install.log --single-version-externally-managed
[5.540s] Level 1:colcon.colcon_core.environment:checking '/home/mark/ros_ws/install/controller' for CMake module files
[5.541s] Level 1:colcon.colcon_core.environment:checking '/home/mark/ros_ws/install/controller' for CMake config files
[5.542s] Level 1:colcon.colcon_core.environment:checking '/home/mark/ros_ws/install/controller/lib'
[5.542s] Level 1:colcon.colcon_core.environment:checking '/home/mark/ros_ws/install/controller/bin'
[5.542s] Level 1:colcon.colcon_core.environment:checking '/home/mark/ros_ws/install/controller/lib/pkgconfig/controller.pc'
[5.542s] Level 1:colcon.colcon_core.environment:checking '/home/mark/ros_ws/install/controller/lib/python3.10/site-packages'
[5.542s] Level 1:colcon.colcon_core.shell:create_environment_hook('controller', 'pythonpath')
[5.566s] INFO:colcon.colcon_core.shell:Creating environment hook '/home/mark/ros_ws/install/controller/share/controller/hook/pythonpath.ps1'
[5.567s] INFO:colcon.colcon_core.shell:Creating environment descriptor '/home/mark/ros_ws/install/controller/share/controller/hook/pythonpath.dsv'
[5.567s] INFO:colcon.colcon_core.shell:Creating environment hook '/home/mark/ros_ws/install/controller/share/controller/hook/pythonpath.sh'
[5.568s] Level 1:colcon.colcon_core.environment:checking '/home/mark/ros_ws/install/controller/bin'
[5.568s] Level 1:colcon.colcon_core.environment:create_environment_scripts_only(controller)
[5.593s] INFO:colcon.colcon_core.shell:Creating package script '/home/mark/ros_ws/install/controller/share/controller/package.ps1'
[5.593s] INFO:colcon.colcon_core.shell:Creating package descriptor '/home/mark/ros_ws/install/controller/share/controller/package.dsv'
[5.594s] INFO:colcon.colcon_core.shell:Creating package script '/home/mark/ros_ws/install/controller/share/controller/package.sh'
[5.594s] INFO:colcon.colcon_core.shell:Creating package script '/home/mark/ros_ws/install/controller/share/controller/package.bash'
[5.595s] INFO:colcon.colcon_core.shell:Creating package script '/home/mark/ros_ws/install/controller/share/controller/package.zsh'
[5.595s] Level 1:colcon.colcon_core.environment:create_file_with_runtime_dependencies(/home/mark/ros_ws/install/controller/share/colcon-core/packages/controller)
[5.595s] DEBUG:colcon.colcon_parallel_executor.executor.parallel:closing loop
[5.596s] DEBUG:colcon.colcon_parallel_executor.executor.parallel:loop closed
[5.596s] DEBUG:colcon.colcon_parallel_executor.executor.parallel:run_until_complete finished with '0'
[5.596s] DEBUG:colcon.colcon_core.event_reactor:joining thread
[5.630s] INFO:colcon.colcon_core.plugin_system:Skipping extension 'colcon_notification.desktop_notification.terminal_notifier': Not used on non-Darwin systems
[5.630s] INFO:colcon.colcon_core.plugin_system:Skipping extension 'colcon_notification.desktop_notification.win32': Not used on non-Windows systems
[5.630s] INFO:colcon.colcon_notification.desktop_notification:Sending desktop notification using 'notify2'
[5.653s] DEBUG:colcon.colcon_core.event_reactor:joined thread
[5.695s] INFO:colcon.colcon_core.shell:Creating prefix script '/home/mark/ros_ws/install/local_setup.ps1'
[5.696s] INFO:colcon.colcon_core.shell:Creating prefix util module '/home/mark/ros_ws/install/_local_setup_util_ps1.py'
[5.698s] INFO:colcon.colcon_core.shell:Creating prefix chain script '/home/mark/ros_ws/install/setup.ps1'
[5.726s] INFO:colcon.colcon_core.shell:Creating prefix script '/home/mark/ros_ws/install/local_setup.sh'
[5.727s] INFO:colcon.colcon_core.shell:Creating prefix util module '/home/mark/ros_ws/install/_local_setup_util_sh.py'
[5.728s] INFO:colcon.colcon_core.shell:Creating prefix chain script '/home/mark/ros_ws/install/setup.sh'
[5.754s] INFO:colcon.colcon_core.shell:Creating prefix script '/home/mark/ros_ws/install/local_setup.bash'
[5.754s] INFO:colcon.colcon_core.shell:Creating prefix chain script '/home/mark/ros_ws/install/setup.bash'
[5.779s] INFO:colcon.colcon_core.shell:Creating prefix script '/home/mark/ros_ws/install/local_setup.zsh'
[5.780s] INFO:colcon.colcon_core.shell:Creating prefix chain script '/home/mark/ros_ws/install/setup.zsh'
