running develop
running egg_info
creating controller.egg-info
writing controller.egg-info/PKG-INFO
writing dependency_links to controller.egg-info/dependency_links.txt
writing entry points to controller.egg-info/entry_points.txt
writing requirements to controller.egg-info/requires.txt
writing top-level names to controller.egg-info/top_level.txt
writing manifest file 'controller.egg-info/SOURCES.txt'
reading manifest file 'controller.egg-info/SOURCES.txt'
writing manifest file 'controller.egg-info/SOURCES.txt'
running build_ext
Creating /home/mark/ros_ws/install/controller/lib/python3.10/site-packages/controller.egg-link (link to .)
Installing publisher script to /home/mark/ros_ws/install/controller/lib/controller
Installing subscription script to /home/mark/ros_ws/install/controller/lib/controller
Installing test_node script to /home/mark/ros_ws/install/controller/lib/controller
Installing turtle_controller script to /home/mark/ros_ws/install/controller/lib/controller

Installed /home/mark/ros_ws/build/controller
running install_data
creating /home/mark/ros_ws/install/controller/share/ament_index
creating /home/mark/ros_ws/install/controller/share/ament_index/resource_index
creating /home/mark/ros_ws/install/controller/share/ament_index/resource_index/packages
copying resource/controller -> /home/mark/ros_ws/install/controller/share/ament_index/resource_index/packages
copying package.xml -> /home/mark/ros_ws/install/controller/share/controller
