running egg_info
creating ../../build/package01/package01.egg-info
writing ../../build/package01/package01.egg-info/PKG-INFO
writing dependency_links to ../../build/package01/package01.egg-info/dependency_links.txt
writing entry points to ../../build/package01/package01.egg-info/entry_points.txt
writing requirements to ../../build/package01/package01.egg-info/requires.txt
writing top-level names to ../../build/package01/package01.egg-info/top_level.txt
writing manifest file '../../build/package01/package01.egg-info/SOURCES.txt'
reading manifest file '../../build/package01/package01.egg-info/SOURCES.txt'
adding license file 'LICENSE'
writing manifest file '../../build/package01/package01.egg-info/SOURCES.txt'
running build
running build_py
creating /home/mark/ros_ws/build/package01/build
creating /home/mark/ros_ws/build/package01/build/lib
creating /home/mark/ros_ws/build/package01/build/lib/package01
copying package01/slam_driver.py -> /home/mark/ros_ws/build/package01/build/lib/package01
copying package01/__init__.py -> /home/mark/ros_ws/build/package01/build/lib/package01
running install
running install_lib
creating /home/mark/ros_ws/install/package01/lib/python3.10/site-packages/package01
copying /home/mark/ros_ws/build/package01/build/lib/package01/slam_driver.py -> /home/mark/ros_ws/install/package01/lib/python3.10/site-packages/package01
copying /home/mark/ros_ws/build/package01/build/lib/package01/__init__.py -> /home/mark/ros_ws/install/package01/lib/python3.10/site-packages/package01
byte-compiling /home/mark/ros_ws/install/package01/lib/python3.10/site-packages/package01/slam_driver.py to slam_driver.cpython-310.pyc
byte-compiling /home/mark/ros_ws/install/package01/lib/python3.10/site-packages/package01/__init__.py to __init__.cpython-310.pyc
running install_data
creating /home/mark/ros_ws/install/package01/share/ament_index
creating /home/mark/ros_ws/install/package01/share/ament_index/resource_index
creating /home/mark/ros_ws/install/package01/share/ament_index/resource_index/packages
copying resource/package01 -> /home/mark/ros_ws/install/package01/share/ament_index/resource_index/packages
copying package.xml -> /home/mark/ros_ws/install/package01/share/package01
running install_egg_info
Copying ../../build/package01/package01.egg-info to /home/mark/ros_ws/install/package01/lib/python3.10/site-packages/package01-0.0.0-py3.10.egg-info
running install_scripts
Installing slam_driver script to /home/mark/ros_ws/install/package01/lib/package01
writing list of installed files to '/home/mark/ros_ws/build/package01/install.log'
