[0.759s] Invoking command in '/home/mark/ros_ws/build/default_cpp_': CMAKE_PREFIX_PATH=${CMAKE_PREFIX_PATH}:/home/mark/ros_ws/install/package01:/home/mark/ros_ws/install/controller:/opt/ros/humble /usr/bin/cmake --build /home/mark/ros_ws/build/default_cpp_ -- -j4 -l4
[1.270s] Invoked command in '/home/mark/ros_ws/build/default_cpp_' returned '0': CMAKE_PREFIX_PATH=${CMAKE_PREFIX_PATH}:/home/mark/ros_ws/install/package01:/home/mark/ros_ws/install/controller:/opt/ros/humble /usr/bin/cmake --build /home/mark/ros_ws/build/default_cpp_ -- -j4 -l4
[1.324s] Invoking command in '/home/mark/ros_ws/build/default_cpp_': CMAKE_PREFIX_PATH=${CMAKE_PREFIX_PATH}:/home/mark/ros_ws/install/package01:/home/mark/ros_ws/install/controller:/opt/ros/humble /usr/bin/cmake --install /home/mark/ros_ws/build/default_cpp_
[1.339s] -- Install configuration: ""
[1.340s] -- Execute custom install script
[1.340s] -- Up-to-date symlink: /home/mark/ros_ws/install/default_cpp_/share/ament_index/resource_index/package_run_dependencies/default_cpp_
[1.341s] -- Up-to-date symlink: /home/mark/ros_ws/install/default_cpp_/share/ament_index/resource_index/parent_prefix_path/default_cpp_
[1.341s] -- Up-to-date symlink: /home/mark/ros_ws/install/default_cpp_/share/default_cpp_/environment/ament_prefix_path.sh
[1.341s] -- Up-to-date symlink: /home/mark/ros_ws/install/default_cpp_/share/default_cpp_/environment/ament_prefix_path.dsv
[1.342s] -- Up-to-date symlink: /home/mark/ros_ws/install/default_cpp_/share/default_cpp_/environment/path.sh
[1.342s] -- Up-to-date symlink: /home/mark/ros_ws/install/default_cpp_/share/default_cpp_/environment/path.dsv
[1.342s] -- Up-to-date symlink: /home/mark/ros_ws/install/default_cpp_/share/default_cpp_/local_setup.bash
[1.343s] -- Up-to-date symlink: /home/mark/ros_ws/install/default_cpp_/share/default_cpp_/local_setup.sh
[1.343s] -- Up-to-date symlink: /home/mark/ros_ws/install/default_cpp_/share/default_cpp_/local_setup.zsh
[1.344s] -- Up-to-date symlink: /home/mark/ros_ws/install/default_cpp_/share/default_cpp_/local_setup.dsv
[1.344s] -- Symlinking: /home/mark/ros_ws/install/default_cpp_/share/default_cpp_/package.dsv
[1.362s] -- Up-to-date symlink: /home/mark/ros_ws/install/default_cpp_/share/ament_index/resource_index/packages/default_cpp_
[1.363s] -- Up-to-date symlink: /home/mark/ros_ws/install/default_cpp_/share/default_cpp_/cmake/default_cpp_Config.cmake
[1.363s] -- Up-to-date symlink: /home/mark/ros_ws/install/default_cpp_/share/default_cpp_/cmake/default_cpp_Config-version.cmake
[1.363s] -- Up-to-date symlink: /home/mark/ros_ws/install/default_cpp_/share/default_cpp_/package.xml
[1.371s] Invoked command in '/home/mark/ros_ws/build/default_cpp_' returned '0': CMAKE_PREFIX_PATH=${CMAKE_PREFIX_PATH}:/home/mark/ros_ws/install/package01:/home/mark/ros_ws/install/controller:/opt/ros/humble /usr/bin/cmake --install /home/mark/ros_ws/build/default_cpp_
