[1.610s] DEBUG:colcon:Command line arguments: ['/usr/bin/colcon', 'build']
[1.610s] DEBUG:colcon:Parsed command line arguments: Namespace(log_base=None, log_level=None, verb_name='build', build_base='build', install_base='install', merge_install=False, symlink_install=False, test_result_base=None, continue_on_error=False, executor='parallel', parallel_workers=4, event_handlers=None, ignore_user_meta=False, metas=['./colcon.meta'], base_paths=['.'], packages_ignore=None, packages_ignore_regex=None, paths=None, packages_up_to=None, packages_up_to_regex=None, packages_above=None, packages_above_and_dependencies=None, packages_above_depth=None, packages_select_by_dep=None, packages_skip_by_dep=None, packages_skip_up_to=None, packages_select_build_failed=False, packages_skip_build_finished=False, packages_select_test_failures=False, packages_skip_test_passed=False, packages_select=None, packages_skip=None, packages_select_regex=None, packages_skip_regex=None, packages_start=None, packages_end=None, allow_overriding=[], cmake_args=None, cmake_target=None, cmake_target_skip_unavailable=False, cmake_clean_cache=False, cmake_clean_first=False, cmake_force_configure=False, ament_cmake_args=None, catkin_cmake_args=None, catkin_skip_building_tests=False, verb_parser=<colcon_defaults.argument_parser.defaults.DefaultArgumentsDecorator object at 0x7f2e4d843c40>, verb_extension=<colcon_core.verb.build.BuildVerb object at 0x7f2e4d8413f0>, main=<bound method BuildVerb.main of <colcon_core.verb.build.BuildVerb object at 0x7f2e4d8413f0>>)
[1.678s] Level 1:colcon.colcon_core.package_discovery:discover_packages(colcon_meta) check parameters
[1.678s] Level 1:colcon.colcon_core.package_discovery:discover_packages(recursive) check parameters
[1.678s] Level 1:colcon.colcon_core.package_discovery:discover_packages(ignore) check parameters
[1.678s] Level 1:colcon.colcon_core.package_discovery:discover_packages(path) check parameters
[1.678s] Level 1:colcon.colcon_core.package_discovery:discover_packages(colcon_meta) discover
[1.678s] Level 1:colcon.colcon_core.package_discovery:discover_packages(recursive) discover
[1.678s] INFO:colcon.colcon_core.package_discovery:Crawling recursively for packages in '/home/mark/ros_ws'
[1.678s] Level 1:colcon.colcon_core.package_identification:_identify(.) by extensions ['ignore', 'ignore_ament_install']
[1.678s] Level 1:colcon.colcon_core.package_identification:_identify(.) by extension 'ignore'
[1.678s] Level 1:colcon.colcon_core.package_identification:_identify(.) by extension 'ignore_ament_install'
[1.678s] Level 1:colcon.colcon_core.package_identification:_identify(.) by extensions ['colcon_pkg']
[1.678s] Level 1:colcon.colcon_core.package_identification:_identify(.) by extension 'colcon_pkg'
[1.679s] Level 1:colcon.colcon_core.package_identification:_identify(.) by extensions ['colcon_meta']
[1.679s] Level 1:colcon.colcon_core.package_identification:_identify(.) by extension 'colcon_meta'
[1.679s] Level 1:colcon.colcon_core.package_identification:_identify(.) by extensions ['ros']
[1.679s] Level 1:colcon.colcon_core.package_identification:_identify(.) by extension 'ros'
[1.693s] Level 1:colcon.colcon_core.package_identification:_identify(.) by extensions ['cmake', 'python']
[1.693s] Level 1:colcon.colcon_core.package_identification:_identify(.) by extension 'cmake'
[1.693s] Level 1:colcon.colcon_core.package_identification:_identify(.) by extension 'python'
[1.693s] Level 1:colcon.colcon_core.package_identification:_identify(.) by extensions ['python_setup_py']
[1.693s] Level 1:colcon.colcon_core.package_identification:_identify(.) by extension 'python_setup_py'
[1.693s] Level 1:colcon.colcon_core.package_identification:_identify(build) by extensions ['ignore', 'ignore_ament_install']
[1.693s] Level 1:colcon.colcon_core.package_identification:_identify(build) by extension 'ignore'
[1.693s] Level 1:colcon.colcon_core.package_identification:_identify(build) ignored
[1.693s] Level 1:colcon.colcon_core.package_identification:_identify(install) by extensions ['ignore', 'ignore_ament_install']
[1.694s] Level 1:colcon.colcon_core.package_identification:_identify(install) by extension 'ignore'
[1.694s] Level 1:colcon.colcon_core.package_identification:_identify(install) ignored
[1.694s] Level 1:colcon.colcon_core.package_identification:_identify(log) by extensions ['ignore', 'ignore_ament_install']
[1.694s] Level 1:colcon.colcon_core.package_identification:_identify(log) by extension 'ignore'
[1.694s] Level 1:colcon.colcon_core.package_identification:_identify(log) ignored
[1.694s] Level 1:colcon.colcon_core.package_identification:_identify(scripts) by extensions ['ignore', 'ignore_ament_install']
[1.694s] Level 1:colcon.colcon_core.package_identification:_identify(scripts) by extension 'ignore'
[1.694s] Level 1:colcon.colcon_core.package_identification:_identify(scripts) by extension 'ignore_ament_install'
[1.694s] Level 1:colcon.colcon_core.package_identification:_identify(scripts) by extensions ['colcon_pkg']
[1.694s] Level 1:colcon.colcon_core.package_identification:_identify(scripts) by extension 'colcon_pkg'
[1.694s] Level 1:colcon.colcon_core.package_identification:_identify(scripts) by extensions ['colcon_meta']
[1.694s] Level 1:colcon.colcon_core.package_identification:_identify(scripts) by extension 'colcon_meta'
[1.694s] Level 1:colcon.colcon_core.package_identification:_identify(scripts) by extensions ['ros']
[1.694s] Level 1:colcon.colcon_core.package_identification:_identify(scripts) by extension 'ros'
[1.695s] Level 1:colcon.colcon_core.package_identification:_identify(scripts) by extensions ['cmake', 'python']
[1.695s] Level 1:colcon.colcon_core.package_identification:_identify(scripts) by extension 'cmake'
[1.695s] Level 1:colcon.colcon_core.package_identification:_identify(scripts) by extension 'python'
[1.695s] Level 1:colcon.colcon_core.package_identification:_identify(scripts) by extensions ['python_setup_py']
[1.695s] Level 1:colcon.colcon_core.package_identification:_identify(scripts) by extension 'python_setup_py'
[1.695s] Level 1:colcon.colcon_core.package_identification:_identify(src) by extensions ['ignore', 'ignore_ament_install']
[1.695s] Level 1:colcon.colcon_core.package_identification:_identify(src) by extension 'ignore'
[1.695s] Level 1:colcon.colcon_core.package_identification:_identify(src) by extension 'ignore_ament_install'
[1.695s] Level 1:colcon.colcon_core.package_identification:_identify(src) by extensions ['colcon_pkg']
[1.695s] Level 1:colcon.colcon_core.package_identification:_identify(src) by extension 'colcon_pkg'
[1.695s] Level 1:colcon.colcon_core.package_identification:_identify(src) by extensions ['colcon_meta']
[1.695s] Level 1:colcon.colcon_core.package_identification:_identify(src) by extension 'colcon_meta'
[1.695s] Level 1:colcon.colcon_core.package_identification:_identify(src) by extensions ['ros']
[1.695s] Level 1:colcon.colcon_core.package_identification:_identify(src) by extension 'ros'
[1.695s] Level 1:colcon.colcon_core.package_identification:_identify(src) by extensions ['cmake', 'python']
[1.695s] Level 1:colcon.colcon_core.package_identification:_identify(src) by extension 'cmake'
[1.695s] Level 1:colcon.colcon_core.package_identification:_identify(src) by extension 'python'
[1.695s] Level 1:colcon.colcon_core.package_identification:_identify(src) by extensions ['python_setup_py']
[1.696s] Level 1:colcon.colcon_core.package_identification:_identify(src) by extension 'python_setup_py'
[1.696s] Level 1:colcon.colcon_core.package_identification:_identify(src/controller) by extensions ['ignore', 'ignore_ament_install']
[1.696s] Level 1:colcon.colcon_core.package_identification:_identify(src/controller) by extension 'ignore'
[1.696s] Level 1:colcon.colcon_core.package_identification:_identify(src/controller) by extension 'ignore_ament_install'
[1.696s] Level 1:colcon.colcon_core.package_identification:_identify(src/controller) by extensions ['colcon_pkg']
[1.696s] Level 1:colcon.colcon_core.package_identification:_identify(src/controller) by extension 'colcon_pkg'
[1.696s] Level 1:colcon.colcon_core.package_identification:_identify(src/controller) by extensions ['colcon_meta']
[1.696s] Level 1:colcon.colcon_core.package_identification:_identify(src/controller) by extension 'colcon_meta'
[1.696s] Level 1:colcon.colcon_core.package_identification:_identify(src/controller) by extensions ['ros']
[1.696s] Level 1:colcon.colcon_core.package_identification:_identify(src/controller) by extension 'ros'
[1.699s] DEBUG:colcon.colcon_core.package_identification:Package 'src/controller' with type 'ros.ament_python' and name 'controller'
[1.699s] Level 1:colcon.colcon_core.package_identification:_identify(src/default_cpp_) by extensions ['ignore', 'ignore_ament_install']
[1.699s] Level 1:colcon.colcon_core.package_identification:_identify(src/default_cpp_) by extension 'ignore'
[1.699s] Level 1:colcon.colcon_core.package_identification:_identify(src/default_cpp_) by extension 'ignore_ament_install'
[1.700s] Level 1:colcon.colcon_core.package_identification:_identify(src/default_cpp_) by extensions ['colcon_pkg']
[1.700s] Level 1:colcon.colcon_core.package_identification:_identify(src/default_cpp_) by extension 'colcon_pkg'
[1.700s] Level 1:colcon.colcon_core.package_identification:_identify(src/default_cpp_) by extensions ['colcon_meta']
[1.700s] Level 1:colcon.colcon_core.package_identification:_identify(src/default_cpp_) by extension 'colcon_meta'
[1.700s] Level 1:colcon.colcon_core.package_identification:_identify(src/default_cpp_) by extensions ['ros']
[1.700s] Level 1:colcon.colcon_core.package_identification:_identify(src/default_cpp_) by extension 'ros'
[1.700s] DEBUG:colcon.colcon_core.package_identification:Package 'src/default_cpp_' with type 'ros.ament_cmake' and name 'default_cpp_'
[1.700s] Level 1:colcon.colcon_core.package_identification:_identify(src/package01) by extensions ['ignore', 'ignore_ament_install']
[1.701s] Level 1:colcon.colcon_core.package_identification:_identify(src/package01) by extension 'ignore'
[1.701s] Level 1:colcon.colcon_core.package_identification:_identify(src/package01) by extension 'ignore_ament_install'
[1.701s] Level 1:colcon.colcon_core.package_identification:_identify(src/package01) by extensions ['colcon_pkg']
[1.701s] Level 1:colcon.colcon_core.package_identification:_identify(src/package01) by extension 'colcon_pkg'
[1.701s] Level 1:colcon.colcon_core.package_identification:_identify(src/package01) by extensions ['colcon_meta']
[1.701s] Level 1:colcon.colcon_core.package_identification:_identify(src/package01) by extension 'colcon_meta'
[1.701s] Level 1:colcon.colcon_core.package_identification:_identify(src/package01) by extensions ['ros']
[1.701s] Level 1:colcon.colcon_core.package_identification:_identify(src/package01) by extension 'ros'
[1.702s] DEBUG:colcon.colcon_core.package_identification:Package 'src/package01' with type 'ros.ament_python' and name 'package01'
[1.702s] Level 1:colcon.colcon_core.package_discovery:discover_packages(recursive) using defaults
[1.702s] Level 1:colcon.colcon_core.package_discovery:discover_packages(ignore) discover
[1.702s] Level 1:colcon.colcon_core.package_discovery:discover_packages(ignore) using defaults
[1.702s] Level 1:colcon.colcon_core.package_discovery:discover_packages(path) discover
[1.702s] Level 1:colcon.colcon_core.package_discovery:discover_packages(path) using defaults
[1.864s] Level 1:colcon.colcon_core.package_discovery:discover_packages(prefix_path) check parameters
[1.864s] Level 1:colcon.colcon_core.package_discovery:discover_packages(prefix_path) discover
[1.914s] DEBUG:colcon.colcon_installed_package_information.package_discovery:Found 3 installed packages in /home/mark/ros_ws/install
[1.939s] DEBUG:colcon.colcon_installed_package_information.package_discovery:Found 302 installed packages in /opt/ros/humble
[1.940s] Level 1:colcon.colcon_core.package_discovery:discover_packages(prefix_path) using defaults
[2.076s] Level 5:colcon.colcon_core.verb:set package 'controller' build argument 'cmake_args' from command line to 'None'
[2.076s] Level 5:colcon.colcon_core.verb:set package 'controller' build argument 'cmake_target' from command line to 'None'
[2.076s] Level 5:colcon.colcon_core.verb:set package 'controller' build argument 'cmake_target_skip_unavailable' from command line to 'False'
[2.076s] Level 5:colcon.colcon_core.verb:set package 'controller' build argument 'cmake_clean_cache' from command line to 'False'
[2.076s] Level 5:colcon.colcon_core.verb:set package 'controller' build argument 'cmake_clean_first' from command line to 'False'
[2.076s] Level 5:colcon.colcon_core.verb:set package 'controller' build argument 'cmake_force_configure' from command line to 'False'
[2.076s] Level 5:colcon.colcon_core.verb:set package 'controller' build argument 'ament_cmake_args' from command line to 'None'
[2.076s] Level 5:colcon.colcon_core.verb:set package 'controller' build argument 'catkin_cmake_args' from command line to 'None'
[2.076s] Level 5:colcon.colcon_core.verb:set package 'controller' build argument 'catkin_skip_building_tests' from command line to 'False'
[2.076s] DEBUG:colcon.colcon_core.verb:Building package 'controller' with the following arguments: {'ament_cmake_args': None, 'build_base': '/home/mark/ros_ws/build/controller', 'catkin_cmake_args': None, 'catkin_skip_building_tests': False, 'cmake_args': None, 'cmake_clean_cache': False, 'cmake_clean_first': False, 'cmake_force_configure': False, 'cmake_target': None, 'cmake_target_skip_unavailable': False, 'install_base': '/home/mark/ros_ws/install/controller', 'merge_install': False, 'path': '/home/mark/ros_ws/src/controller', 'symlink_install': False, 'test_result_base': None}
[2.100s] Level 5:colcon.colcon_core.verb:set package 'default_cpp_' build argument 'cmake_args' from command line to 'None'
[2.100s] Level 5:colcon.colcon_core.verb:set package 'default_cpp_' build argument 'cmake_target' from command line to 'None'
[2.100s] Level 5:colcon.colcon_core.verb:set package 'default_cpp_' build argument 'cmake_target_skip_unavailable' from command line to 'False'
[2.100s] Level 5:colcon.colcon_core.verb:set package 'default_cpp_' build argument 'cmake_clean_cache' from command line to 'False'
[2.100s] Level 5:colcon.colcon_core.verb:set package 'default_cpp_' build argument 'cmake_clean_first' from command line to 'False'
[2.100s] Level 5:colcon.colcon_core.verb:set package 'default_cpp_' build argument 'cmake_force_configure' from command line to 'False'
[2.100s] Level 5:colcon.colcon_core.verb:set package 'default_cpp_' build argument 'ament_cmake_args' from command line to 'None'
[2.100s] Level 5:colcon.colcon_core.verb:set package 'default_cpp_' build argument 'catkin_cmake_args' from command line to 'None'
[2.100s] Level 5:colcon.colcon_core.verb:set package 'default_cpp_' build argument 'catkin_skip_building_tests' from command line to 'False'
[2.100s] DEBUG:colcon.colcon_core.verb:Building package 'default_cpp_' with the following arguments: {'ament_cmake_args': None, 'build_base': '/home/mark/ros_ws/build/default_cpp_', 'catkin_cmake_args': None, 'catkin_skip_building_tests': False, 'cmake_args': None, 'cmake_clean_cache': False, 'cmake_clean_first': False, 'cmake_force_configure': False, 'cmake_target': None, 'cmake_target_skip_unavailable': False, 'install_base': '/home/mark/ros_ws/install/default_cpp_', 'merge_install': False, 'path': '/home/mark/ros_ws/src/default_cpp_', 'symlink_install': False, 'test_result_base': None}
[2.124s] Level 5:colcon.colcon_core.verb:set package 'package01' build argument 'cmake_args' from command line to 'None'
[2.124s] Level 5:colcon.colcon_core.verb:set package 'package01' build argument 'cmake_target' from command line to 'None'
[2.124s] Level 5:colcon.colcon_core.verb:set package 'package01' build argument 'cmake_target_skip_unavailable' from command line to 'False'
[2.124s] Level 5:colcon.colcon_core.verb:set package 'package01' build argument 'cmake_clean_cache' from command line to 'False'
[2.124s] Level 5:colcon.colcon_core.verb:set package 'package01' build argument 'cmake_clean_first' from command line to 'False'
[2.124s] Level 5:colcon.colcon_core.verb:set package 'package01' build argument 'cmake_force_configure' from command line to 'False'
[2.124s] Level 5:colcon.colcon_core.verb:set package 'package01' build argument 'ament_cmake_args' from command line to 'None'
[2.124s] Level 5:colcon.colcon_core.verb:set package 'package01' build argument 'catkin_cmake_args' from command line to 'None'
[2.124s] Level 5:colcon.colcon_core.verb:set package 'package01' build argument 'catkin_skip_building_tests' from command line to 'False'
[2.125s] DEBUG:colcon.colcon_core.verb:Building package 'package01' with the following arguments: {'ament_cmake_args': None, 'build_base': '/home/mark/ros_ws/build/package01', 'catkin_cmake_args': None, 'catkin_skip_building_tests': False, 'cmake_args': None, 'cmake_clean_cache': False, 'cmake_clean_first': False, 'cmake_force_configure': False, 'cmake_target': None, 'cmake_target_skip_unavailable': False, 'install_base': '/home/mark/ros_ws/install/package01', 'merge_install': False, 'path': '/home/mark/ros_ws/src/package01', 'symlink_install': False, 'test_result_base': None}
[2.148s] INFO:colcon.colcon_core.executor:Executing jobs using 'parallel' executor
[2.174s] DEBUG:colcon.colcon_parallel_executor.executor.parallel:run_until_complete
[2.174s] INFO:colcon.colcon_ros.task.ament_python.build:Building ROS package in '/home/mark/ros_ws/src/controller' with build type 'ament_python'
[2.174s] Level 1:colcon.colcon_core.shell:create_environment_hook('controller', 'ament_prefix_path')
[2.204s] INFO:colcon.colcon_core.plugin_system:Skipping extension 'colcon_core.shell.bat': Not used on non-Windows systems
[2.204s] INFO:colcon.colcon_core.shell:Creating environment hook '/home/mark/ros_ws/install/controller/share/controller/hook/ament_prefix_path.ps1'
[2.205s] INFO:colcon.colcon_core.shell:Creating environment descriptor '/home/mark/ros_ws/install/controller/share/controller/hook/ament_prefix_path.dsv'
[2.205s] INFO:colcon.colcon_core.shell:Creating environment hook '/home/mark/ros_ws/install/controller/share/controller/hook/ament_prefix_path.sh'
[2.230s] INFO:colcon.colcon_core.shell:Skip shell extension 'powershell' for command environment: Not usable outside of PowerShell
[2.230s] DEBUG:colcon.colcon_core.shell:Skip shell extension 'dsv' for command environment
[2.309s] INFO:colcon.colcon_ros.task.ament_cmake.build:Building ROS package in '/home/mark/ros_ws/src/default_cpp_' with build type 'ament_cmake'
[2.310s] INFO:colcon.colcon_cmake.task.cmake.build:Building CMake package in '/home/mark/ros_ws/src/default_cpp_'
[2.337s] INFO:colcon.colcon_core.shell:Skip shell extension 'powershell' for command environment: Not usable outside of PowerShell
[2.338s] DEBUG:colcon.colcon_core.shell:Skip shell extension 'dsv' for command environment
[2.417s] INFO:colcon.colcon_ros.task.ament_python.build:Building ROS package in '/home/mark/ros_ws/src/package01' with build type 'ament_python'
[2.417s] Level 1:colcon.colcon_core.shell:create_environment_hook('package01', 'ament_prefix_path')
[2.445s] INFO:colcon.colcon_core.shell:Creating environment hook '/home/mark/ros_ws/install/package01/share/package01/hook/ament_prefix_path.ps1'
[2.445s] INFO:colcon.colcon_core.shell:Creating environment descriptor '/home/mark/ros_ws/install/package01/share/package01/hook/ament_prefix_path.dsv'
[2.446s] INFO:colcon.colcon_core.shell:Creating environment hook '/home/mark/ros_ws/install/package01/share/package01/hook/ament_prefix_path.sh'
[2.470s] INFO:colcon.colcon_core.shell:Skip shell extension 'powershell' for command environment: Not usable outside of PowerShell
[2.470s] DEBUG:colcon.colcon_core.shell:Skip shell extension 'dsv' for command environment
[2.962s] INFO:colcon.colcon_core.task.python.build:Building Python package in '/home/mark/ros_ws/src/controller'
[2.987s] INFO:colcon.colcon_core.shell:Skip shell extension 'powershell' for command environment: Not usable outside of PowerShell
[2.988s] DEBUG:colcon.colcon_core.shell:Skip shell extension 'dsv' for command environment
[3.069s] DEBUG:colcon.colcon_core.event_handler.log_command:Invoking command in '/home/mark/ros_ws/build/default_cpp_': CMAKE_PREFIX_PATH=${CMAKE_PREFIX_PATH}:/home/mark/ros_ws/install/package01:/home/mark/ros_ws/install/controller:/opt/ros/humble /usr/bin/cmake --build /home/mark/ros_ws/build/default_cpp_ -- -j4 -l4
[3.475s] INFO:colcon.colcon_core.task.python.build:Building Python package in '/home/mark/ros_ws/src/package01'
[3.500s] INFO:colcon.colcon_core.shell:Skip shell extension 'powershell' for command environment: Not usable outside of PowerShell
[3.500s] DEBUG:colcon.colcon_core.shell:Skip shell extension 'dsv' for command environment
[3.580s] DEBUG:colcon.colcon_core.event_handler.log_command:Invoked command in '/home/mark/ros_ws/build/default_cpp_' returned '0': CMAKE_PREFIX_PATH=${CMAKE_PREFIX_PATH}:/home/mark/ros_ws/install/package01:/home/mark/ros_ws/install/controller:/opt/ros/humble /usr/bin/cmake --build /home/mark/ros_ws/build/default_cpp_ -- -j4 -l4
[3.634s] DEBUG:colcon.colcon_core.event_handler.log_command:Invoking command in '/home/mark/ros_ws/build/default_cpp_': CMAKE_PREFIX_PATH=${CMAKE_PREFIX_PATH}:/home/mark/ros_ws/install/package01:/home/mark/ros_ws/install/controller:/opt/ros/humble /usr/bin/cmake --install /home/mark/ros_ws/build/default_cpp_
[3.676s] Level 1:colcon.colcon_core.environment:create_environment_scripts_only(default_cpp_)
[3.681s] DEBUG:colcon.colcon_core.event_handler.log_command:Invoked command in '/home/mark/ros_ws/build/default_cpp_' returned '0': CMAKE_PREFIX_PATH=${CMAKE_PREFIX_PATH}:/home/mark/ros_ws/install/package01:/home/mark/ros_ws/install/controller:/opt/ros/humble /usr/bin/cmake --install /home/mark/ros_ws/build/default_cpp_
[3.735s] Level 1:colcon.colcon_core.environment:checking '/home/mark/ros_ws/install/default_cpp_' for CMake module files
[3.736s] Level 1:colcon.colcon_core.environment:checking '/home/mark/ros_ws/install/default_cpp_' for CMake config files
[3.737s] Level 1:colcon.colcon_core.shell:create_environment_hook('default_cpp_', 'cmake_prefix_path')
[3.786s] INFO:colcon.colcon_core.shell:Creating environment hook '/home/mark/ros_ws/install/default_cpp_/share/default_cpp_/hook/cmake_prefix_path.ps1'
[3.787s] INFO:colcon.colcon_core.shell:Creating environment descriptor '/home/mark/ros_ws/install/default_cpp_/share/default_cpp_/hook/cmake_prefix_path.dsv'
[3.788s] INFO:colcon.colcon_core.shell:Creating environment hook '/home/mark/ros_ws/install/default_cpp_/share/default_cpp_/hook/cmake_prefix_path.sh'
[3.789s] Level 1:colcon.colcon_core.environment:checking '/home/mark/ros_ws/install/default_cpp_/bin'
[3.789s] Level 1:colcon.colcon_core.environment:checking '/home/mark/ros_ws/install/default_cpp_/lib/pkgconfig/default_cpp_.pc'
[3.790s] Level 1:colcon.colcon_core.environment:checking '/home/mark/ros_ws/install/default_cpp_/lib/python3.10/site-packages'
[3.791s] Level 1:colcon.colcon_core.environment:checking '/home/mark/ros_ws/install/default_cpp_/bin'
[3.842s] INFO:colcon.colcon_core.shell:Creating package script '/home/mark/ros_ws/install/default_cpp_/share/default_cpp_/package.ps1'
[3.843s] INFO:colcon.colcon_core.shell:Creating package descriptor '/home/mark/ros_ws/install/default_cpp_/share/default_cpp_/package.dsv'
[3.845s] INFO:colcon.colcon_core.shell:Creating package script '/home/mark/ros_ws/install/default_cpp_/share/default_cpp_/package.sh'
[3.846s] INFO:colcon.colcon_core.shell:Creating package script '/home/mark/ros_ws/install/default_cpp_/share/default_cpp_/package.bash'
[3.848s] INFO:colcon.colcon_core.shell:Creating package script '/home/mark/ros_ws/install/default_cpp_/share/default_cpp_/package.zsh'
[3.849s] Level 1:colcon.colcon_core.environment:create_file_with_runtime_dependencies(/home/mark/ros_ws/install/default_cpp_/share/colcon-core/packages/default_cpp_)
[3.943s] Level 1:colcon.colcon_core.environment:create_environment_scripts_only(default_cpp_)
[3.995s] Level 1:colcon.colcon_core.environment:checking '/home/mark/ros_ws/install/default_cpp_' for CMake module files
[3.996s] Level 1:colcon.colcon_core.environment:checking '/home/mark/ros_ws/install/default_cpp_' for CMake config files
[3.997s] Level 1:colcon.colcon_core.shell:create_environment_hook('default_cpp_', 'cmake_prefix_path')
[4.047s] INFO:colcon.colcon_core.shell:Creating environment hook '/home/mark/ros_ws/install/default_cpp_/share/default_cpp_/hook/cmake_prefix_path.ps1'
[4.048s] INFO:colcon.colcon_core.shell:Creating environment descriptor '/home/mark/ros_ws/install/default_cpp_/share/default_cpp_/hook/cmake_prefix_path.dsv'
[4.049s] INFO:colcon.colcon_core.shell:Creating environment hook '/home/mark/ros_ws/install/default_cpp_/share/default_cpp_/hook/cmake_prefix_path.sh'
[4.050s] Level 1:colcon.colcon_core.environment:checking '/home/mark/ros_ws/install/default_cpp_/bin'
[4.050s] Level 1:colcon.colcon_core.environment:checking '/home/mark/ros_ws/install/default_cpp_/lib/pkgconfig/default_cpp_.pc'
[4.051s] Level 1:colcon.colcon_core.environment:checking '/home/mark/ros_ws/install/default_cpp_/lib/python3.10/site-packages'
[4.051s] Level 1:colcon.colcon_core.environment:checking '/home/mark/ros_ws/install/default_cpp_/bin'
[4.102s] INFO:colcon.colcon_core.shell:Creating package script '/home/mark/ros_ws/install/default_cpp_/share/default_cpp_/package.ps1'
[4.103s] INFO:colcon.colcon_core.shell:Creating package descriptor '/home/mark/ros_ws/install/default_cpp_/share/default_cpp_/package.dsv'
[4.104s] INFO:colcon.colcon_core.shell:Creating package script '/home/mark/ros_ws/install/default_cpp_/share/default_cpp_/package.sh'
[4.105s] INFO:colcon.colcon_core.shell:Creating package script '/home/mark/ros_ws/install/default_cpp_/share/default_cpp_/package.bash'
[4.106s] INFO:colcon.colcon_core.shell:Creating package script '/home/mark/ros_ws/install/default_cpp_/share/default_cpp_/package.zsh'
[4.107s] Level 1:colcon.colcon_core.environment:create_file_with_runtime_dependencies(/home/mark/ros_ws/install/default_cpp_/share/colcon-core/packages/default_cpp_)
[4.227s] DEBUG:colcon.colcon_core.event_handler.log_command:Invoking command in '/home/mark/ros_ws/src/controller': PYTHONPATH=/home/mark/ros_ws/build/controller/prefix_override:/home/mark/ros_ws/install/controller/lib/python3.10/site-packages:${PYTHONPATH} /usr/bin/python3 setup.py egg_info --egg-base ../../build/controller build --build-base /home/mark/ros_ws/build/controller/build install --record /home/mark/ros_ws/build/controller/install.log --single-version-externally-managed
[4.393s] DEBUG:colcon.colcon_core.event_handler.log_command:Invoking command in '/home/mark/ros_ws/src/package01': PYTHONPATH=/home/mark/ros_ws/build/package01/prefix_override:/home/mark/ros_ws/install/package01/lib/python3.10/site-packages:${PYTHONPATH} /usr/bin/python3 setup.py egg_info --egg-base ../../build/package01 build --build-base /home/mark/ros_ws/build/package01/build install --record /home/mark/ros_ws/build/package01/install.log --single-version-externally-managed
[4.741s] DEBUG:colcon.colcon_core.event_handler.log_command:Invoked command in '/home/mark/ros_ws/src/controller' returned '0': PYTHONPATH=/home/mark/ros_ws/build/controller/prefix_override:/home/mark/ros_ws/install/controller/lib/python3.10/site-packages:${PYTHONPATH} /usr/bin/python3 setup.py egg_info --egg-base ../../build/controller build --build-base /home/mark/ros_ws/build/controller/build install --record /home/mark/ros_ws/build/controller/install.log --single-version-externally-managed
[4.769s] Level 1:colcon.colcon_core.environment:checking '/home/mark/ros_ws/install/controller' for CMake module files
[4.769s] Level 1:colcon.colcon_core.environment:checking '/home/mark/ros_ws/install/controller' for CMake config files
[4.770s] Level 1:colcon.colcon_core.environment:checking '/home/mark/ros_ws/install/controller/lib'
[4.770s] Level 1:colcon.colcon_core.environment:checking '/home/mark/ros_ws/install/controller/bin'
[4.770s] Level 1:colcon.colcon_core.environment:checking '/home/mark/ros_ws/install/controller/lib/pkgconfig/controller.pc'
[4.770s] Level 1:colcon.colcon_core.environment:checking '/home/mark/ros_ws/install/controller/lib/python3.10/site-packages'
[4.770s] Level 1:colcon.colcon_core.shell:create_environment_hook('controller', 'pythonpath')
[4.804s] INFO:colcon.colcon_core.shell:Creating environment hook '/home/mark/ros_ws/install/controller/share/controller/hook/pythonpath.ps1'
[4.805s] INFO:colcon.colcon_core.shell:Creating environment descriptor '/home/mark/ros_ws/install/controller/share/controller/hook/pythonpath.dsv'
[4.805s] INFO:colcon.colcon_core.shell:Creating environment hook '/home/mark/ros_ws/install/controller/share/controller/hook/pythonpath.sh'
[4.806s] Level 1:colcon.colcon_core.environment:checking '/home/mark/ros_ws/install/controller/bin'
[4.806s] Level 1:colcon.colcon_core.environment:create_environment_scripts_only(controller)
[4.836s] INFO:colcon.colcon_core.shell:Creating package script '/home/mark/ros_ws/install/controller/share/controller/package.ps1'
[4.837s] INFO:colcon.colcon_core.shell:Creating package descriptor '/home/mark/ros_ws/install/controller/share/controller/package.dsv'
[4.838s] INFO:colcon.colcon_core.shell:Creating package script '/home/mark/ros_ws/install/controller/share/controller/package.sh'
[4.839s] INFO:colcon.colcon_core.shell:Creating package script '/home/mark/ros_ws/install/controller/share/controller/package.bash'
[4.839s] INFO:colcon.colcon_core.shell:Creating package script '/home/mark/ros_ws/install/controller/share/controller/package.zsh'
[4.840s] Level 1:colcon.colcon_core.environment:create_file_with_runtime_dependencies(/home/mark/ros_ws/install/controller/share/colcon-core/packages/controller)
[4.888s] DEBUG:colcon.colcon_core.event_handler.log_command:Invoked command in '/home/mark/ros_ws/src/package01' returned '0': PYTHONPATH=/home/mark/ros_ws/build/package01/prefix_override:/home/mark/ros_ws/install/package01/lib/python3.10/site-packages:${PYTHONPATH} /usr/bin/python3 setup.py egg_info --egg-base ../../build/package01 build --build-base /home/mark/ros_ws/build/package01/build install --record /home/mark/ros_ws/build/package01/install.log --single-version-externally-managed
[4.915s] Level 1:colcon.colcon_core.environment:checking '/home/mark/ros_ws/install/package01' for CMake module files
[4.915s] Level 1:colcon.colcon_core.environment:checking '/home/mark/ros_ws/install/package01' for CMake config files
[4.916s] Level 1:colcon.colcon_core.environment:checking '/home/mark/ros_ws/install/package01/lib'
[4.916s] Level 1:colcon.colcon_core.environment:checking '/home/mark/ros_ws/install/package01/bin'
[4.917s] Level 1:colcon.colcon_core.environment:checking '/home/mark/ros_ws/install/package01/lib/pkgconfig/package01.pc'
[4.917s] Level 1:colcon.colcon_core.environment:checking '/home/mark/ros_ws/install/package01/lib/python3.10/site-packages'
[4.917s] Level 1:colcon.colcon_core.shell:create_environment_hook('package01', 'pythonpath')
[4.941s] INFO:colcon.colcon_core.shell:Creating environment hook '/home/mark/ros_ws/install/package01/share/package01/hook/pythonpath.ps1'
[4.942s] INFO:colcon.colcon_core.shell:Creating environment descriptor '/home/mark/ros_ws/install/package01/share/package01/hook/pythonpath.dsv'
[4.942s] INFO:colcon.colcon_core.shell:Creating environment hook '/home/mark/ros_ws/install/package01/share/package01/hook/pythonpath.sh'
[4.943s] Level 1:colcon.colcon_core.environment:checking '/home/mark/ros_ws/install/package01/bin'
[4.943s] Level 1:colcon.colcon_core.environment:create_environment_scripts_only(package01)
[4.968s] INFO:colcon.colcon_core.shell:Creating package script '/home/mark/ros_ws/install/package01/share/package01/package.ps1'
[4.969s] INFO:colcon.colcon_core.shell:Creating package descriptor '/home/mark/ros_ws/install/package01/share/package01/package.dsv'
[4.969s] INFO:colcon.colcon_core.shell:Creating package script '/home/mark/ros_ws/install/package01/share/package01/package.sh'
[4.970s] INFO:colcon.colcon_core.shell:Creating package script '/home/mark/ros_ws/install/package01/share/package01/package.bash'
[4.970s] INFO:colcon.colcon_core.shell:Creating package script '/home/mark/ros_ws/install/package01/share/package01/package.zsh'
[4.970s] Level 1:colcon.colcon_core.environment:create_file_with_runtime_dependencies(/home/mark/ros_ws/install/package01/share/colcon-core/packages/package01)
[4.971s] DEBUG:colcon.colcon_parallel_executor.executor.parallel:closing loop
[4.971s] DEBUG:colcon.colcon_parallel_executor.executor.parallel:loop closed
[4.971s] DEBUG:colcon.colcon_parallel_executor.executor.parallel:run_until_complete finished with '0'
[4.971s] DEBUG:colcon.colcon_core.event_reactor:joining thread
[5.005s] INFO:colcon.colcon_core.plugin_system:Skipping extension 'colcon_notification.desktop_notification.terminal_notifier': Not used on non-Darwin systems
[5.006s] INFO:colcon.colcon_core.plugin_system:Skipping extension 'colcon_notification.desktop_notification.win32': Not used on non-Windows systems
[5.006s] INFO:colcon.colcon_notification.desktop_notification:Sending desktop notification using 'notify2'
[5.021s] DEBUG:colcon.colcon_core.event_reactor:joined thread
[5.047s] INFO:colcon.colcon_core.shell:Creating prefix script '/home/mark/ros_ws/install/local_setup.ps1'
[5.048s] INFO:colcon.colcon_core.shell:Creating prefix util module '/home/mark/ros_ws/install/_local_setup_util_ps1.py'
[5.050s] INFO:colcon.colcon_core.shell:Creating prefix chain script '/home/mark/ros_ws/install/setup.ps1'
[5.076s] INFO:colcon.colcon_core.shell:Creating prefix script '/home/mark/ros_ws/install/local_setup.sh'
[5.077s] INFO:colcon.colcon_core.shell:Creating prefix util module '/home/mark/ros_ws/install/_local_setup_util_sh.py'
[5.077s] INFO:colcon.colcon_core.shell:Creating prefix chain script '/home/mark/ros_ws/install/setup.sh'
[5.103s] INFO:colcon.colcon_core.shell:Creating prefix script '/home/mark/ros_ws/install/local_setup.bash'
[5.104s] INFO:colcon.colcon_core.shell:Creating prefix chain script '/home/mark/ros_ws/install/setup.bash'
[5.129s] INFO:colcon.colcon_core.shell:Creating prefix script '/home/mark/ros_ws/install/local_setup.zsh'
[5.130s] INFO:colcon.colcon_core.shell:Creating prefix chain script '/home/mark/ros_ws/install/setup.zsh'
